<?xml version="1.0" encoding="UTF-8"?>
<testsuite name="com.myorg.ezdeal.runners.DoubleRequestRunner" tests="0" skipped="0" failures="0" errors="0" timestamp="1970-01-01T00:00:00" hostname="DESKTOP-2O2HPAS" time="0.0">
  <properties/>
  <system-out><![CDATA[
?[31mFailed scenarios:?[0m
?[31mfile:///C:/Users/sebas/Desktop/EXPERIMENTOS_PROYECTO/EzDeal/API%20JAVA/src/test/resources/features/DoubleRequest.feature:2?[0m# Advertiser accepts first of repeated requests and rejects the second request

1 Scenarios (?[31m1 failed?[0m)
7 Steps (?[31m1 failed?[0m, ?[36m6 skipped?[0m)
0m0.027s


java.lang.NullPointerException
	at com.myorg.ezdeal.steps.StepDefinitionDoubleRequest.an_announcer_located_in_my_services_page(StepDefinitionDoubleRequest.java:45)
	at ?.an announcer located in My Services page(file:///C:/Users/sebas/Desktop/EXPERIMENTOS_PROYECTO/EzDeal/API%20JAVA/src/test/resources/features/DoubleRequest.feature:3)


]]></system-out>
  <system-err><![CDATA[]]></system-err>
</testsuite>
