<?xml version="1.0" encoding="UTF-8"?>
<testsuite name="com.myorg.ezdeal.SolicitudServiceTest" tests="1" skipped="0" failures="0" errors="0" timestamp="2020-05-09T18:09:39" hostname="DESKTOP-2O2HPAS" time="0.54">
  <properties/>
  <testcase name="reseÃ±arServicioFinalizado" classname="com.myorg.ezdeal.SolicitudServiceTest" time="0.54"/>
  <system-out><![CDATA[13:09:16.040 [Test worker] DEBUG org.springframework.test.context.junit4.SpringJUnit4ClassRunner - SpringJUnit4ClassRunner constructor called with [class com.myorg.ezdeal.SolicitudServiceTest]
13:09:16.071 [Test worker] DEBUG org.springframework.test.context.BootstrapUtils - Instantiating CacheAwareContextLoaderDelegate from class [org.springframework.test.context.cache.DefaultCacheAwareContextLoaderDelegate]
13:09:16.106 [Test worker] DEBUG org.springframework.test.context.BootstrapUtils - Instantiating BootstrapContext using constructor [public org.springframework.test.context.support.DefaultBootstrapContext(java.lang.Class,org.springframework.test.context.CacheAwareContextLoaderDelegate)]
13:09:16.178 [Test worker] DEBUG org.springframework.test.context.BootstrapUtils - Instantiating TestContextBootstrapper for test class [com.myorg.ezdeal.SolicitudServiceTest] from class [org.springframework.boot.test.context.SpringBootTestContextBootstrapper]
13:09:16.232 [Test worker] INFO org.springframework.boot.test.context.SpringBootTestContextBootstrapper - Neither @ContextConfiguration nor @ContextHierarchy found for test class [com.myorg.ezdeal.SolicitudServiceTest], using SpringBootContextLoader
13:09:16.242 [Test worker] DEBUG org.springframework.test.context.support.AbstractContextLoader - Did not detect default resource location for test class [com.myorg.ezdeal.SolicitudServiceTest]: class path resource [com/myorg/ezdeal/SolicitudServiceTest-context.xml] does not exist
13:09:16.244 [Test worker] DEBUG org.springframework.test.context.support.AbstractContextLoader - Did not detect default resource location for test class [com.myorg.ezdeal.SolicitudServiceTest]: class path resource [com/myorg/ezdeal/SolicitudServiceTestContext.groovy] does not exist
13:09:16.244 [Test worker] INFO org.springframework.test.context.support.AbstractContextLoader - Could not detect default resource locations for test class [com.myorg.ezdeal.SolicitudServiceTest]: no resource found for suffixes {-context.xml, Context.groovy}.
13:09:16.410 [Test worker] DEBUG org.springframework.test.context.support.ActiveProfilesUtils - Could not find an 'annotation declaring class' for annotation type [org.springframework.test.context.ActiveProfiles] and class [com.myorg.ezdeal.SolicitudServiceTest]
13:09:16.869 [Test worker] DEBUG org.springframework.boot.test.context.SpringBootTestContextBootstrapper - @TestExecutionListeners is not present for class [com.myorg.ezdeal.SolicitudServiceTest]: using defaults.
13:09:16.871 [Test worker] INFO org.springframework.boot.test.context.SpringBootTestContextBootstrapper - Loaded default TestExecutionListener class names from location [META-INF/spring.factories]: [org.springframework.security.test.context.support.WithSecurityContextTestExecutionListener, org.springframework.security.test.context.support.ReactorContextTestExecutionListener, org.springframework.boot.test.autoconfigure.restdocs.RestDocsTestExecutionListener, org.springframework.boot.test.autoconfigure.web.client.MockRestServiceServerResetTestExecutionListener, org.springframework.boot.test.autoconfigure.web.servlet.MockMvcPrintOnlyOnFailureTestExecutionListener, org.springframework.boot.test.autoconfigure.web.servlet.WebDriverTestExecutionListener, org.springframework.boot.test.mock.mockito.MockitoTestExecutionListener, org.springframework.boot.test.mock.mockito.ResetMocksTestExecutionListener, org.springframework.test.context.web.ServletTestExecutionListener, org.springframework.test.context.support.DirtiesContextBeforeModesTestExecutionListener, org.springframework.test.context.support.DependencyInjectionTestExecutionListener, org.springframework.test.context.support.DirtiesContextTestExecutionListener, org.springframework.test.context.transaction.TransactionalTestExecutionListener, org.springframework.test.context.jdbc.SqlScriptsTestExecutionListener]
13:09:16.934 [Test worker] INFO org.springframework.boot.test.context.SpringBootTestContextBootstrapper - Using TestExecutionListeners: [org.springframework.test.context.web.ServletTestExecutionListener@525e40e0, org.springframework.test.context.support.DirtiesContextBeforeModesTestExecutionListener@642f398d, org.springframework.boot.test.mock.mockito.MockitoTestExecutionListener@3b1c76a0, org.springframework.boot.test.autoconfigure.SpringBootDependencyInjectionTestExecutionListener@71793c93, org.springframework.test.context.support.DirtiesContextTestExecutionListener@51803b1c, org.springframework.test.context.transaction.TransactionalTestExecutionListener@4cfe83f0, org.springframework.test.context.jdbc.SqlScriptsTestExecutionListener@148f45b9, org.springframework.security.test.context.support.WithSecurityContextTestExecutionListener@2c2a7e1f, org.springframework.security.test.context.support.ReactorContextTestExecutionListener@7c22f85d, org.springframework.boot.test.autoconfigure.restdocs.RestDocsTestExecutionListener@44fb152a, org.springframework.boot.test.autoconfigure.web.client.MockRestServiceServerResetTestExecutionListener@2a373281, org.springframework.boot.test.autoconfigure.web.servlet.MockMvcPrintOnlyOnFailureTestExecutionListener@55926b5e, org.springframework.boot.test.autoconfigure.web.servlet.WebDriverTestExecutionListener@3e1991a1, org.springframework.boot.test.mock.mockito.ResetMocksTestExecutionListener@22d7810d]
13:09:16.944 [Test worker] DEBUG org.springframework.test.annotation.ProfileValueUtils - Retrieved @ProfileValueSourceConfiguration [null] for test class [com.myorg.ezdeal.SolicitudServiceTest]
13:09:16.946 [Test worker] DEBUG org.springframework.test.annotation.ProfileValueUtils - Retrieved ProfileValueSource type [class org.springframework.test.annotation.SystemProfileValueSource] for class [com.myorg.ezdeal.SolicitudServiceTest]
13:09:16.957 [Test worker] DEBUG org.springframework.test.annotation.ProfileValueUtils - Retrieved @ProfileValueSourceConfiguration [null] for test class [com.myorg.ezdeal.SolicitudServiceTest]
13:09:16.958 [Test worker] DEBUG org.springframework.test.annotation.ProfileValueUtils - Retrieved ProfileValueSource type [class org.springframework.test.annotation.SystemProfileValueSource] for class [com.myorg.ezdeal.SolicitudServiceTest]
13:09:16.960 [Test worker] DEBUG org.springframework.test.annotation.ProfileValueUtils - Retrieved @ProfileValueSourceConfiguration [null] for test class [com.myorg.ezdeal.SolicitudServiceTest]
13:09:16.960 [Test worker] DEBUG org.springframework.test.annotation.ProfileValueUtils - Retrieved ProfileValueSource type [class org.springframework.test.annotation.SystemProfileValueSource] for class [com.myorg.ezdeal.SolicitudServiceTest]
13:09:16.970 [Test worker] DEBUG org.springframework.test.context.support.AbstractDirtiesContextTestExecutionListener - Before test class: context [DefaultTestContext@2cfb3d69 testClass = SolicitudServiceTest, testInstance = [null], testMethod = [null], testException = [null], mergedContextConfiguration = [WebMergedContextConfiguration@1a7038bd testClass = SolicitudServiceTest, locations = '{}', classes = '{class com.myorg.ezdeal.Application, class com.myorg.ezdeal.Application}', contextInitializerClasses = '[]', activeProfiles = '{}', propertySourceLocations = '{}', propertySourceProperties = '{org.springframework.boot.test.context.SpringBootTestContextBootstrapper=true}', contextCustomizers = set[org.springframework.boot.test.autoconfigure.properties.PropertyMappingContextCustomizer@0, org.springframework.boot.test.autoconfigure.web.servlet.WebDriverContextCustomizerFactory$Customizer@69fb53c3, org.springframework.boot.test.context.filter.ExcludeFilterContextCustomizer@586ff9d9, org.springframework.boot.test.json.DuplicateJsonObjectContextCustomizerFactory$DuplicateJsonObjectContextCustomizer@78f00e89, org.springframework.boot.test.mock.mockito.MockitoContextCustomizer@0, org.springframework.boot.test.web.client.TestRestTemplateContextCustomizer@57238edf], resourceBasePath = 'src/main/webapp', contextLoader = 'org.springframework.boot.test.context.SpringBootContextLoader', parent = [null]], attributes = map['org.springframework.test.context.web.ServletTestExecutionListener.activateListener' -> true]], class annotated with @DirtiesContext [false] with mode [null].
13:09:16.972 [Test worker] DEBUG org.springframework.test.annotation.ProfileValueUtils - Retrieved @ProfileValueSourceConfiguration [null] for test class [com.myorg.ezdeal.SolicitudServiceTest]
13:09:16.972 [Test worker] DEBUG org.springframework.test.annotation.ProfileValueUtils - Retrieved ProfileValueSource type [class org.springframework.test.annotation.SystemProfileValueSource] for class [com.myorg.ezdeal.SolicitudServiceTest]
13:09:17.076 [Test worker] DEBUG org.springframework.test.context.support.TestPropertySourceUtils - Adding inlined properties to environment: {spring.jmx.enabled=false, org.springframework.boot.test.context.SpringBootTestContextBootstrapper=true, server.port=-1}

  .   ____          _            __ _ _
 /\\ / ___'_ __ _ _(_)_ __  __ _ \ \ \ \
( ( )\___ | '_ | '_| | '_ \/ _` | \ \ \ \
 \\/  ___)| |_)| | | | | || (_| |  ) ) ) )
  '  |____| .__|_| |_|_| |_\__, | / / / /
 =========|_|==============|___/=/_/_/_/
 :: Spring Boot ::        (v2.1.5.RELEASE)

2020-05-09 13:09:17.943  INFO 10072 --- [    Test worker] com.myorg.ezdeal.SolicitudServiceTest    : Starting SolicitudServiceTest on DESKTOP-2O2HPAS with PID 10072 (started by sebas in C:\Users\sebas\Desktop\EXPERIMENTOS_PROYECTO\EzDeal\API JAVA)
2020-05-09 13:09:17.947  INFO 10072 --- [    Test worker] com.myorg.ezdeal.SolicitudServiceTest    : No active profile set, falling back to default profiles: default
2020-05-09 13:09:21.104  INFO 10072 --- [    Test worker] .s.d.r.c.RepositoryConfigurationDelegate : Bootstrapping Spring Data repositories in DEFAULT mode.
2020-05-09 13:09:21.616  INFO 10072 --- [    Test worker] .s.d.r.c.RepositoryConfigurationDelegate : Finished Spring Data repository scanning in 471ms. Found 11 repository interfaces.
2020-05-09 13:09:23.809  INFO 10072 --- [    Test worker] trationDelegate$BeanPostProcessorChecker : Bean 'org.springframework.transaction.annotation.ProxyTransactionManagementConfiguration' of type [org.springframework.transaction.annotation.ProxyTransactionManagementConfiguration$$EnhancerBySpringCGLIB$$679ce784] is not eligible for getting processed by all BeanPostProcessors (for example: not eligible for auto-proxying)
2020-05-09 13:09:24.100  INFO 10072 --- [    Test worker] trationDelegate$BeanPostProcessorChecker : Bean 'org.springframework.security.config.annotation.configuration.ObjectPostProcessorConfiguration' of type [org.springframework.security.config.annotation.configuration.ObjectPostProcessorConfiguration$$EnhancerBySpringCGLIB$$4aafbe] is not eligible for getting processed by all BeanPostProcessors (for example: not eligible for auto-proxying)
2020-05-09 13:09:24.127  INFO 10072 --- [    Test worker] trationDelegate$BeanPostProcessorChecker : Bean 'objectPostProcessor' of type [org.springframework.security.config.annotation.configuration.AutowireBeanFactoryObjectPostProcessor] is not eligible for getting processed by all BeanPostProcessors (for example: not eligible for auto-proxying)
2020-05-09 13:09:24.130  INFO 10072 --- [    Test worker] trationDelegate$BeanPostProcessorChecker : Bean 'org.springframework.security.access.expression.method.DefaultMethodSecurityExpressionHandler@8835a75' of type [org.springframework.security.access.expression.method.DefaultMethodSecurityExpressionHandler] is not eligible for getting processed by all BeanPostProcessors (for example: not eligible for auto-proxying)
2020-05-09 13:09:24.144  INFO 10072 --- [    Test worker] trationDelegate$BeanPostProcessorChecker : Bean 'org.springframework.security.config.annotation.method.configuration.GlobalMethodSecurityConfiguration' of type [org.springframework.security.config.annotation.method.configuration.GlobalMethodSecurityConfiguration$$EnhancerBySpringCGLIB$$251f5270] is not eligible for getting processed by all BeanPostProcessors (for example: not eligible for auto-proxying)
2020-05-09 13:09:24.168  INFO 10072 --- [    Test worker] trationDelegate$BeanPostProcessorChecker : Bean 'methodSecurityMetadataSource' of type [org.springframework.security.access.method.DelegatingMethodSecurityMetadataSource] is not eligible for getting processed by all BeanPostProcessors (for example: not eligible for auto-proxying)
2020-05-09 13:09:24.910  INFO 10072 --- [    Test worker] com.zaxxer.hikari.HikariDataSource       : HikariPool-1 - Starting...
2020-05-09 13:09:25.538  INFO 10072 --- [    Test worker] com.zaxxer.hikari.HikariDataSource       : HikariPool-1 - Start completed.
2020-05-09 13:09:25.756  INFO 10072 --- [    Test worker] o.hibernate.jpa.internal.util.LogHelper  : HHH000204: Processing PersistenceUnitInfo [
	name: default
	...]
2020-05-09 13:09:26.005  INFO 10072 --- [    Test worker] org.hibernate.Version                    : HHH000412: Hibernate Core {5.3.10.Final}
2020-05-09 13:09:26.009  INFO 10072 --- [    Test worker] org.hibernate.cfg.Environment            : HHH000206: hibernate.properties not found
2020-05-09 13:09:26.407  INFO 10072 --- [    Test worker] o.hibernate.annotations.common.Version   : HCANN000001: Hibernate Commons Annotations {5.0.4.Final}
2020-05-09 13:09:26.939  INFO 10072 --- [    Test worker] org.hibernate.dialect.Dialect            : HHH000400: Using dialect: org.hibernate.dialect.MySQL5InnoDBDialect
2020-05-09 13:09:30.766  INFO 10072 --- [    Test worker] j.LocalContainerEntityManagerFactoryBean : Initialized JPA EntityManagerFactory for persistence unit 'default'
2020-05-09 13:09:31.966  INFO 10072 --- [    Test worker] o.h.h.i.QueryTranslatorFactoryInitiator  : HHH000397: Using ASTQueryTranslatorFactory
2020-05-09 13:09:35.340  INFO 10072 --- [    Test worker] o.s.s.web.DefaultSecurityFilterChain     : Creating filter chain: any request, [org.springframework.security.web.context.request.async.WebAsyncManagerIntegrationFilter@3cb79863, org.springframework.security.web.context.SecurityContextPersistenceFilter@fdb2b0d, org.springframework.security.web.header.HeaderWriterFilter@221446be, org.springframework.security.web.authentication.logout.LogoutFilter@518667cc, com.myorg.ezdeal.security.jwt.AuthTokenFilter@72ff98f0, org.springframework.security.web.savedrequest.RequestCacheAwareFilter@37341e52, org.springframework.security.web.servletapi.SecurityContextHolderAwareRequestFilter@4bd29d36, org.springframework.security.web.authentication.AnonymousAuthenticationFilter@2cd494b9, org.springframework.security.web.session.SessionManagementFilter@c54dbe4, org.springframework.security.web.access.ExceptionTranslationFilter@711379ff, org.springframework.security.web.access.intercept.FilterSecurityInterceptor@552791e7]
2020-05-09 13:09:37.622  INFO 10072 --- [    Test worker] o.s.s.concurrent.ThreadPoolTaskExecutor  : Initializing ExecutorService 'applicationTaskExecutor'
2020-05-09 13:09:37.861  WARN 10072 --- [    Test worker] aWebConfiguration$JpaWebMvcConfiguration : spring.jpa.open-in-view is enabled by default. Therefore, database queries may be performed during view rendering. Explicitly configure spring.jpa.open-in-view to disable this warning
2020-05-09 13:09:39.465  INFO 10072 --- [    Test worker] com.myorg.ezdeal.SolicitudServiceTest    : Started SolicitudServiceTest in 22.342 seconds (JVM running for 25.279)
2020-05-09 13:09:39.534  INFO 10072 --- [    Test worker] o.s.t.c.transaction.TransactionContext   : Began transaction (1) for test context [DefaultTestContext@2cfb3d69 testClass = SolicitudServiceTest, testInstance = com.myorg.ezdeal.SolicitudServiceTest@245827fb, testMethod = reseÃ±arServicioFinalizado@SolicitudServiceTest, testException = [null], mergedContextConfiguration = [WebMergedContextConfiguration@1a7038bd testClass = SolicitudServiceTest, locations = '{}', classes = '{class com.myorg.ezdeal.Application, class com.myorg.ezdeal.Application}', contextInitializerClasses = '[]', activeProfiles = '{}', propertySourceLocations = '{}', propertySourceProperties = '{org.springframework.boot.test.context.SpringBootTestContextBootstrapper=true}', contextCustomizers = set[org.springframework.boot.test.autoconfigure.properties.PropertyMappingContextCustomizer@0, org.springframework.boot.test.autoconfigure.web.servlet.WebDriverContextCustomizerFactory$Customizer@69fb53c3, org.springframework.boot.test.context.filter.ExcludeFilterContextCustomizer@586ff9d9, org.springframework.boot.test.json.DuplicateJsonObjectContextCustomizerFactory$DuplicateJsonObjectContextCustomizer@78f00e89, org.springframework.boot.test.mock.mockito.MockitoContextCustomizer@0, org.springframework.boot.test.web.client.TestRestTemplateContextCustomizer@57238edf], resourceBasePath = 'src/main/webapp', contextLoader = 'org.springframework.boot.test.context.SpringBootContextLoader', parent = [null]], attributes = map['org.springframework.test.context.web.ServletTestExecutionListener.activateListener' -> true, 'org.springframework.test.context.web.ServletTestExecutionListener.populatedRequestContextHolder' -> true, 'org.springframework.test.context.web.ServletTestExecutionListener.resetRequestContextHolder' -> true]]; transaction manager [org.springframework.orm.jpa.JpaTransactionManager@7583ad72]; rollback [true]
Hibernate: 
    select
        usuario0_.usuario_id as usuario_1_13_0_,
        usuario0_.apellido_materno as apellido2_13_0_,
        usuario0_.apellido_paterno as apellido3_13_0_,
        usuario0_.cuenta_habilitada as cuenta_h4_13_0_,
        usuario0_.cuenta_id as cuenta_12_13_0_,
        usuario0_.departamento as departam5_13_0_,
        usuario0_.direccion as direccio6_13_0_,
        usuario0_.distrito as distrito7_13_0_,
        usuario0_.imagen_perfil as imagen_p8_13_0_,
        usuario0_.anunciante_id as anuncia13_13_0_,
        usuario0_.nombres as nombres9_13_0_,
        usuario0_.provincia as provinc10_13_0_,
        usuario0_.strikes as strikes11_13_0_,
        cuenta1_.cuenta_id as cuenta_i1_3_1_,
        cuenta1_.contrasena as contrase2_3_1_,
        cuenta1_.email as email3_3_1_,
        cuenta1_.nombre_usuario as nombre_u4_3_1_,
        roles2_.cuenta_id as cuenta_i1_4_2_,
        rol3_.rol_id as rol_id2_4_2_,
        rol3_.rol_id as rol_id1_9_3_,
        rol3_.nombre as nombre2_9_3_,
        anunciante4_.anunciante_id as anuncian1_1_4_,
        anunciante4_.antecedentes_penales as antecede2_1_4_,
        anunciante4_.celular as celular3_1_4_,
        anunciante4_.dni as dni4_1_4_,
        anunciante4_.fecha_caducidad as fecha_ca5_1_4_,
        anunciante4_.membresia_id as membresi8_1_4_,
        anunciante4_.telefono_fijo as telefono6_1_4_,
        anunciante4_.url_contacto as url_cont7_1_4_,
        membresia5_.membresia_id as membresi1_7_5_,
        membresia5_.costo as costo2_7_5_,
        membresia5_.nombre as nombre3_7_5_ 
    from
        usuario usuario0_ 
    inner join
        cuenta cuenta1_ 
            on usuario0_.cuenta_id=cuenta1_.cuenta_id 
    left outer join
        cuenta_rol roles2_ 
            on cuenta1_.cuenta_id=roles2_.cuenta_id 
    left outer join
        rol rol3_ 
            on roles2_.rol_id=rol3_.rol_id 
    left outer join
        anunciante anunciante4_ 
            on usuario0_.anunciante_id=anunciante4_.anunciante_id 
    left outer join
        membresia membresia5_ 
            on anunciante4_.membresia_id=membresia5_.membresia_id 
    where
        usuario0_.usuario_id=?
Hibernate: 
    select
        servicio0_.servicio_id as servicio1_10_0_,
        servicio0_.anunciante_id as anuncia11_10_0_,
        servicio0_.costo_servicio as costo_se2_10_0_,
        servicio0_.descripcion as descripc3_10_0_,
        servicio0_.esta_habilitado as esta_hab4_10_0_,
        servicio0_.fecha_publicacion as fecha_pu5_10_0_,
        servicio0_.imagen as imagen6_10_0_,
        servicio0_.modalidad as modalida7_10_0_,
        servicio0_.tipo_servicio_id as tipo_se12_10_0_,
        servicio0_.titulo as titulo8_10_0_,
        servicio0_.valoracion as valoraci9_10_0_,
        servicio0_.video_presentacion as video_p10_10_0_,
        usuario1_.usuario_id as usuario_1_13_1_,
        usuario1_.apellido_materno as apellido2_13_1_,
        usuario1_.apellido_paterno as apellido3_13_1_,
        usuario1_.cuenta_habilitada as cuenta_h4_13_1_,
        usuario1_.cuenta_id as cuenta_12_13_1_,
        usuario1_.departamento as departam5_13_1_,
        usuario1_.direccion as direccio6_13_1_,
        usuario1_.distrito as distrito7_13_1_,
        usuario1_.imagen_perfil as imagen_p8_13_1_,
        usuario1_.anunciante_id as anuncia13_13_1_,
        usuario1_.nombres as nombres9_13_1_,
        usuario1_.provincia as provinc10_13_1_,
        usuario1_.strikes as strikes11_13_1_,
        cuenta2_.cuenta_id as cuenta_i1_3_2_,
        cuenta2_.contrasena as contrase2_3_2_,
        cuenta2_.email as email3_3_2_,
        cuenta2_.nombre_usuario as nombre_u4_3_2_,
        anunciante3_.anunciante_id as anuncian1_1_3_,
        anunciante3_.antecedentes_penales as antecede2_1_3_,
        anunciante3_.celular as celular3_1_3_,
        anunciante3_.dni as dni4_1_3_,
        anunciante3_.fecha_caducidad as fecha_ca5_1_3_,
        anunciante3_.membresia_id as membresi8_1_3_,
        anunciante3_.telefono_fijo as telefono6_1_3_,
        anunciante3_.url_contacto as url_cont7_1_3_,
        tiposervic4_.tipo_servicio_id as tipo_ser1_12_4_,
        tiposervic4_.descripcion as descripc2_12_4_,
        tiposervic4_.nombre as nombre3_12_4_ 
    from
        servicio servicio0_ 
    left outer join
        usuario usuario1_ 
            on servicio0_.anunciante_id=usuario1_.usuario_id 
    left outer join
        cuenta cuenta2_ 
            on usuario1_.cuenta_id=cuenta2_.cuenta_id 
    left outer join
        anunciante anunciante3_ 
            on usuario1_.anunciante_id=anunciante3_.anunciante_id 
    left outer join
        tipo_servicio tiposervic4_ 
            on servicio0_.tipo_servicio_id=tiposervic4_.tipo_servicio_id 
    where
        servicio0_.servicio_id=?
Hibernate: 
    select
        solicitud0_.solicitud_id as solicitu1_11_,
        solicitud0_.cliente_id as cliente_8_11_,
        solicitud0_.costo_final as costo_fi2_11_,
        solicitud0_.estado as estado3_11_,
        solicitud0_.fecha_pactada as fecha_pa4_11_,
        solicitud0_.fecha_solicitud as fecha_so5_11_,
        solicitud0_.hora_pactada as hora_pac6_11_,
        solicitud0_.mensaje as mensaje7_11_,
        solicitud0_.servicio_id as servicio9_11_ 
    from
        solicitud solicitud0_ 
    inner join
        usuario usuario1_ 
            on (
                usuario1_.usuario_id=solicitud0_.cliente_id
            ) 
    inner join
        servicio servicio2_ 
            on (
                servicio2_.servicio_id=solicitud0_.servicio_id
            ) 
    where
        usuario1_.usuario_id=? 
        and servicio2_.servicio_id=? 
        and solicitud0_.estado=?
Hibernate: 
    update
        solicitud 
    set
        estado=? 
    where
        solicitud_id=?
Hibernate: 
    select
        solicitud0_.solicitud_id as solicitu1_11_,
        solicitud0_.cliente_id as cliente_8_11_,
        solicitud0_.costo_final as costo_fi2_11_,
        solicitud0_.estado as estado3_11_,
        solicitud0_.fecha_pactada as fecha_pa4_11_,
        solicitud0_.fecha_solicitud as fecha_so5_11_,
        solicitud0_.hora_pactada as hora_pac6_11_,
        solicitud0_.mensaje as mensaje7_11_,
        solicitud0_.servicio_id as servicio9_11_ 
    from
        solicitud solicitud0_ 
    inner join
        usuario usuario1_ 
            on (
                usuario1_.usuario_id=solicitud0_.cliente_id
            ) 
    inner join
        servicio servicio2_ 
            on (
                servicio2_.servicio_id=solicitud0_.servicio_id
            ) 
    where
        usuario1_.usuario_id=? 
        and servicio2_.servicio_id=? 
        and solicitud0_.estado=?
Hibernate: 
    insert 
    into
        reseÃ±a
        (cliente_id, contenido, servicio_id, valoracion) 
    values
        (?, ?, ?, ?)
2020-05-09 13:09:40.049  INFO 10072 --- [    Test worker] o.s.t.c.transaction.TransactionContext   : Rolled back transaction for test: [DefaultTestContext@2cfb3d69 testClass = SolicitudServiceTest, testInstance = com.myorg.ezdeal.SolicitudServiceTest@245827fb, testMethod = reseÃ±arServicioFinalizado@SolicitudServiceTest, testException = [null], mergedContextConfiguration = [WebMergedContextConfiguration@1a7038bd testClass = SolicitudServiceTest, locations = '{}', classes = '{class com.myorg.ezdeal.Application, class com.myorg.ezdeal.Application}', contextInitializerClasses = '[]', activeProfiles = '{}', propertySourceLocations = '{}', propertySourceProperties = '{org.springframework.boot.test.context.SpringBootTestContextBootstrapper=true}', contextCustomizers = set[org.springframework.boot.test.autoconfigure.properties.PropertyMappingContextCustomizer@0, org.springframework.boot.test.autoconfigure.web.servlet.WebDriverContextCustomizerFactory$Customizer@69fb53c3, org.springframework.boot.test.context.filter.ExcludeFilterContextCustomizer@586ff9d9, org.springframework.boot.test.json.DuplicateJsonObjectContextCustomizerFactory$DuplicateJsonObjectContextCustomizer@78f00e89, org.springframework.boot.test.mock.mockito.MockitoContextCustomizer@0, org.springframework.boot.test.web.client.TestRestTemplateContextCustomizer@57238edf], resourceBasePath = 'src/main/webapp', contextLoader = 'org.springframework.boot.test.context.SpringBootContextLoader', parent = [null]], attributes = map['org.springframework.test.context.web.ServletTestExecutionListener.activateListener' -> true, 'org.springframework.test.context.web.ServletTestExecutionListener.populatedRequestContextHolder' -> true, 'org.springframework.test.context.web.ServletTestExecutionListener.resetRequestContextHolder' -> true]]
]]></system-out>
  <system-err><![CDATA[[2020.05.09 13:09:32] (Coverage): Error during class instrumentation: org.springframework.security.config.annotation.authentication.configurers.ldap.LdapAuthenticationProviderConfigurer: java.lang.RuntimeException: java.io.IOException: Class not found
[2020.05.09 13:09:34] (Coverage): Error during class instrumentation: org.springframework.security.config.annotation.web.configurers.oauth2.client.OAuth2LoginConfigurer: java.lang.RuntimeException: java.io.IOException: Class not found
]]></system-err>
</testsuite>
