<?xml version="1.0" encoding="UTF-8"?>
<testsuite name="com.myorg.ezdeal.ReseñaRepositoryTest" tests="1" skipped="0" failures="0" errors="0" timestamp="2020-04-25T17:20:52" hostname="DESKTOP-2O2HPAS" time="0.281">
  <properties/>
  <testcase name="saveTest" classname="com.myorg.ezdeal.ReseñaRepositoryTest" time="0.281"/>
  <system-out><![CDATA[12:20:43.890 [Test worker] DEBUG org.springframework.test.context.junit4.SpringJUnit4ClassRunner - SpringJUnit4ClassRunner constructor called with [class com.myorg.ezdeal.ReseñaRepositoryTest]
12:20:43.901 [Test worker] DEBUG org.springframework.test.context.BootstrapUtils - Instantiating CacheAwareContextLoaderDelegate from class [org.springframework.test.context.cache.DefaultCacheAwareContextLoaderDelegate]
12:20:43.908 [Test worker] DEBUG org.springframework.test.context.BootstrapUtils - Instantiating BootstrapContext using constructor [public org.springframework.test.context.support.DefaultBootstrapContext(java.lang.Class,org.springframework.test.context.CacheAwareContextLoaderDelegate)]
12:20:43.929 [Test worker] DEBUG org.springframework.test.context.BootstrapUtils - Instantiating TestContextBootstrapper for test class [com.myorg.ezdeal.ReseñaRepositoryTest] from class [org.springframework.boot.test.context.SpringBootTestContextBootstrapper]
12:20:43.944 [Test worker] INFO org.springframework.boot.test.context.SpringBootTestContextBootstrapper - Neither @ContextConfiguration nor @ContextHierarchy found for test class [com.myorg.ezdeal.ReseñaRepositoryTest], using SpringBootContextLoader
12:20:43.947 [Test worker] DEBUG org.springframework.test.context.support.AbstractContextLoader - Did not detect default resource location for test class [com.myorg.ezdeal.ReseñaRepositoryTest]: class path resource [com/myorg/ezdeal/ReseñaRepositoryTest-context.xml] does not exist
12:20:43.947 [Test worker] DEBUG org.springframework.test.context.support.AbstractContextLoader - Did not detect default resource location for test class [com.myorg.ezdeal.ReseñaRepositoryTest]: class path resource [com/myorg/ezdeal/ReseñaRepositoryTestContext.groovy] does not exist
12:20:43.947 [Test worker] INFO org.springframework.test.context.support.AbstractContextLoader - Could not detect default resource locations for test class [com.myorg.ezdeal.ReseñaRepositoryTest]: no resource found for suffixes {-context.xml, Context.groovy}.
12:20:43.948 [Test worker] INFO org.springframework.test.context.support.AnnotationConfigContextLoaderUtils - Could not detect default configuration classes for test class [com.myorg.ezdeal.ReseñaRepositoryTest]: ReseñaRepositoryTest does not declare any static, non-private, non-final, nested classes annotated with @Configuration.
12:20:44.004 [Test worker] DEBUG org.springframework.test.context.support.ActiveProfilesUtils - Could not find an 'annotation declaring class' for annotation type [org.springframework.test.context.ActiveProfiles] and class [com.myorg.ezdeal.ReseñaRepositoryTest]
12:20:44.057 [Test worker] DEBUG org.springframework.context.annotation.ClassPathScanningCandidateComponentProvider - Identified candidate component class: file [C:\Users\sebas\Desktop\EXPERIMENTOS_PROYECTO\EzDeal\API JAVA\build\classes\java\main\com\myorg\ezdeal\Application.class]
12:20:44.061 [Test worker] INFO org.springframework.boot.test.context.SpringBootTestContextBootstrapper - Found @SpringBootConfiguration com.myorg.ezdeal.Application for test class com.myorg.ezdeal.ReseñaRepositoryTest
12:20:44.149 [Test worker] DEBUG org.springframework.boot.test.context.SpringBootTestContextBootstrapper - @TestExecutionListeners is not present for class [com.myorg.ezdeal.ReseñaRepositoryTest]: using defaults.
12:20:44.149 [Test worker] INFO org.springframework.boot.test.context.SpringBootTestContextBootstrapper - Loaded default TestExecutionListener class names from location [META-INF/spring.factories]: [org.springframework.security.test.context.support.WithSecurityContextTestExecutionListener, org.springframework.security.test.context.support.ReactorContextTestExecutionListener, org.springframework.boot.test.autoconfigure.restdocs.RestDocsTestExecutionListener, org.springframework.boot.test.autoconfigure.web.client.MockRestServiceServerResetTestExecutionListener, org.springframework.boot.test.autoconfigure.web.servlet.MockMvcPrintOnlyOnFailureTestExecutionListener, org.springframework.boot.test.autoconfigure.web.servlet.WebDriverTestExecutionListener, org.springframework.boot.test.mock.mockito.MockitoTestExecutionListener, org.springframework.boot.test.mock.mockito.ResetMocksTestExecutionListener, org.springframework.test.context.web.ServletTestExecutionListener, org.springframework.test.context.support.DirtiesContextBeforeModesTestExecutionListener, org.springframework.test.context.support.DependencyInjectionTestExecutionListener, org.springframework.test.context.support.DirtiesContextTestExecutionListener, org.springframework.test.context.transaction.TransactionalTestExecutionListener, org.springframework.test.context.jdbc.SqlScriptsTestExecutionListener]
12:20:44.166 [Test worker] INFO org.springframework.boot.test.context.SpringBootTestContextBootstrapper - Using TestExecutionListeners: [org.springframework.test.context.web.ServletTestExecutionListener@1b3baf39, org.springframework.test.context.support.DirtiesContextBeforeModesTestExecutionListener@24554d42, org.springframework.boot.test.mock.mockito.MockitoTestExecutionListener@20c57a59, org.springframework.boot.test.autoconfigure.SpringBootDependencyInjectionTestExecutionListener@318d7685, org.springframework.test.context.support.DirtiesContextTestExecutionListener@770955ea, org.springframework.test.context.transaction.TransactionalTestExecutionListener@79b82914, org.springframework.test.context.jdbc.SqlScriptsTestExecutionListener@722483c8, org.springframework.security.test.context.support.WithSecurityContextTestExecutionListener@2847fa57, org.springframework.security.test.context.support.ReactorContextTestExecutionListener@155c4cb0, org.springframework.boot.test.autoconfigure.restdocs.RestDocsTestExecutionListener@2d143786, org.springframework.boot.test.autoconfigure.web.client.MockRestServiceServerResetTestExecutionListener@7bf8db2f, org.springframework.boot.test.autoconfigure.web.servlet.MockMvcPrintOnlyOnFailureTestExecutionListener@6cfa0345, org.springframework.boot.test.autoconfigure.web.servlet.WebDriverTestExecutionListener@1b34eba6, org.springframework.boot.test.mock.mockito.ResetMocksTestExecutionListener@17904741]
12:20:44.170 [Test worker] DEBUG org.springframework.test.annotation.ProfileValueUtils - Retrieved @ProfileValueSourceConfiguration [null] for test class [com.myorg.ezdeal.ReseñaRepositoryTest]
12:20:44.170 [Test worker] DEBUG org.springframework.test.annotation.ProfileValueUtils - Retrieved ProfileValueSource type [class org.springframework.test.annotation.SystemProfileValueSource] for class [com.myorg.ezdeal.ReseñaRepositoryTest]
12:20:44.171 [Test worker] DEBUG org.springframework.test.annotation.ProfileValueUtils - Retrieved @ProfileValueSourceConfiguration [null] for test class [com.myorg.ezdeal.ReseñaRepositoryTest]
12:20:44.172 [Test worker] DEBUG org.springframework.test.annotation.ProfileValueUtils - Retrieved ProfileValueSource type [class org.springframework.test.annotation.SystemProfileValueSource] for class [com.myorg.ezdeal.ReseñaRepositoryTest]
12:20:44.172 [Test worker] DEBUG org.springframework.test.annotation.ProfileValueUtils - Retrieved @ProfileValueSourceConfiguration [null] for test class [com.myorg.ezdeal.ReseñaRepositoryTest]
12:20:44.172 [Test worker] DEBUG org.springframework.test.annotation.ProfileValueUtils - Retrieved ProfileValueSource type [class org.springframework.test.annotation.SystemProfileValueSource] for class [com.myorg.ezdeal.ReseñaRepositoryTest]
12:20:44.175 [Test worker] DEBUG org.springframework.test.context.support.AbstractDirtiesContextTestExecutionListener - Before test class: context [DefaultTestContext@566e0b87 testClass = ReseñaRepositoryTest, testInstance = [null], testMethod = [null], testException = [null], mergedContextConfiguration = [WebMergedContextConfiguration@73b01adb testClass = ReseñaRepositoryTest, locations = '{}', classes = '{class com.myorg.ezdeal.Application}', contextInitializerClasses = '[]', activeProfiles = '{}', propertySourceLocations = '{}', propertySourceProperties = '{org.springframework.boot.test.context.SpringBootTestContextBootstrapper=true}', contextCustomizers = set[org.springframework.boot.test.autoconfigure.properties.PropertyMappingContextCustomizer@0, org.springframework.boot.test.autoconfigure.web.servlet.WebDriverContextCustomizerFactory$Customizer@15ee1279, [ImportsContextCustomizer@7ca67079 key = [org.springframework.boot.test.autoconfigure.orm.jpa.TestEntityManagerAutoConfiguration]], org.springframework.boot.test.context.filter.ExcludeFilterContextCustomizer@5025f5dc, org.springframework.boot.test.json.DuplicateJsonObjectContextCustomizerFactory$DuplicateJsonObjectContextCustomizer@6b4541c0, org.springframework.boot.test.mock.mockito.MockitoContextCustomizer@0, org.springframework.boot.test.web.client.TestRestTemplateContextCustomizer@e2afec5], resourceBasePath = 'src/main/webapp', contextLoader = 'org.springframework.boot.test.context.SpringBootContextLoader', parent = [null]], attributes = map['org.springframework.test.context.web.ServletTestExecutionListener.activateListener' -> true]], class annotated with @DirtiesContext [false] with mode [null].
12:20:44.176 [Test worker] DEBUG org.springframework.test.annotation.ProfileValueUtils - Retrieved @ProfileValueSourceConfiguration [null] for test class [com.myorg.ezdeal.ReseñaRepositoryTest]
12:20:44.176 [Test worker] DEBUG org.springframework.test.annotation.ProfileValueUtils - Retrieved ProfileValueSource type [class org.springframework.test.annotation.SystemProfileValueSource] for class [com.myorg.ezdeal.ReseñaRepositoryTest]
12:20:44.200 [Test worker] DEBUG org.springframework.test.context.support.TestPropertySourceUtils - Adding inlined properties to environment: {spring.jmx.enabled=false, org.springframework.boot.test.context.SpringBootTestContextBootstrapper=true, server.port=-1}

  .   ____          _            __ _ _
 /\\ / ___'_ __ _ _(_)_ __  __ _ \ \ \ \
( ( )\___ | '_ | '_| | '_ \/ _` | \ \ \ \
 \\/  ___)| |_)| | | | | || (_| |  ) ) ) )
  '  |____| .__|_| |_|_| |_\__, | / / / /
 =========|_|==============|___/=/_/_/_/
 :: Spring Boot ::        (v2.1.5.RELEASE)

2020-04-25 12:20:44.410  INFO 28912 --- [    Test worker] com.myorg.ezdeal.ReseñaRepositoryTest    : Starting ReseñaRepositoryTest on DESKTOP-2O2HPAS with PID 28912 (started by sebas in C:\Users\sebas\Desktop\EXPERIMENTOS_PROYECTO\EzDeal\API JAVA)
2020-04-25 12:20:44.411  INFO 28912 --- [    Test worker] com.myorg.ezdeal.ReseñaRepositoryTest    : No active profile set, falling back to default profiles: default
2020-04-25 12:20:45.250  INFO 28912 --- [    Test worker] .s.d.r.c.RepositoryConfigurationDelegate : Bootstrapping Spring Data repositories in DEFAULT mode.
2020-04-25 12:20:45.468  INFO 28912 --- [    Test worker] .s.d.r.c.RepositoryConfigurationDelegate : Finished Spring Data repository scanning in 209ms. Found 11 repository interfaces.
2020-04-25 12:20:45.920  INFO 28912 --- [    Test worker] trationDelegate$BeanPostProcessorChecker : Bean 'org.springframework.transaction.annotation.ProxyTransactionManagementConfiguration' of type [org.springframework.transaction.annotation.ProxyTransactionManagementConfiguration$$EnhancerBySpringCGLIB$$7162dbd6] is not eligible for getting processed by all BeanPostProcessors (for example: not eligible for auto-proxying)
2020-04-25 12:20:45.973  INFO 28912 --- [    Test worker] trationDelegate$BeanPostProcessorChecker : Bean 'org.springframework.security.config.annotation.configuration.ObjectPostProcessorConfiguration' of type [org.springframework.security.config.annotation.configuration.ObjectPostProcessorConfiguration$$EnhancerBySpringCGLIB$$a10a410] is not eligible for getting processed by all BeanPostProcessors (for example: not eligible for auto-proxying)
2020-04-25 12:20:45.979  INFO 28912 --- [    Test worker] trationDelegate$BeanPostProcessorChecker : Bean 'objectPostProcessor' of type [org.springframework.security.config.annotation.configuration.AutowireBeanFactoryObjectPostProcessor] is not eligible for getting processed by all BeanPostProcessors (for example: not eligible for auto-proxying)
2020-04-25 12:20:45.980  INFO 28912 --- [    Test worker] trationDelegate$BeanPostProcessorChecker : Bean 'org.springframework.security.access.expression.method.DefaultMethodSecurityExpressionHandler@29aa89c8' of type [org.springframework.security.access.expression.method.DefaultMethodSecurityExpressionHandler] is not eligible for getting processed by all BeanPostProcessors (for example: not eligible for auto-proxying)
2020-04-25 12:20:45.985  INFO 28912 --- [    Test worker] trationDelegate$BeanPostProcessorChecker : Bean 'org.springframework.security.config.annotation.method.configuration.GlobalMethodSecurityConfiguration' of type [org.springframework.security.config.annotation.method.configuration.GlobalMethodSecurityConfiguration$$EnhancerBySpringCGLIB$$2ee546c2] is not eligible for getting processed by all BeanPostProcessors (for example: not eligible for auto-proxying)
2020-04-25 12:20:45.990  INFO 28912 --- [    Test worker] trationDelegate$BeanPostProcessorChecker : Bean 'methodSecurityMetadataSource' of type [org.springframework.security.access.method.DelegatingMethodSecurityMetadataSource] is not eligible for getting processed by all BeanPostProcessors (for example: not eligible for auto-proxying)
2020-04-25 12:20:46.200  INFO 28912 --- [    Test worker] com.zaxxer.hikari.HikariDataSource       : HikariPool-1 - Starting...
2020-04-25 12:20:46.429  INFO 28912 --- [    Test worker] com.zaxxer.hikari.HikariDataSource       : HikariPool-1 - Start completed.
2020-04-25 12:20:46.500  INFO 28912 --- [    Test worker] o.hibernate.jpa.internal.util.LogHelper  : HHH000204: Processing PersistenceUnitInfo [
	name: default
	...]
2020-04-25 12:20:46.578  INFO 28912 --- [    Test worker] org.hibernate.Version                    : HHH000412: Hibernate Core {5.3.10.Final}
2020-04-25 12:20:46.579  INFO 28912 --- [    Test worker] org.hibernate.cfg.Environment            : HHH000206: hibernate.properties not found
2020-04-25 12:20:46.739  INFO 28912 --- [    Test worker] o.hibernate.annotations.common.Version   : HCANN000001: Hibernate Commons Annotations {5.0.4.Final}
2020-04-25 12:20:46.912  INFO 28912 --- [    Test worker] org.hibernate.dialect.Dialect            : HHH000400: Using dialect: org.hibernate.dialect.MySQL5InnoDBDialect
2020-04-25 12:20:48.480  INFO 28912 --- [    Test worker] j.LocalContainerEntityManagerFactoryBean : Initialized JPA EntityManagerFactory for persistence unit 'default'
2020-04-25 12:20:49.082  INFO 28912 --- [    Test worker] o.h.h.i.QueryTranslatorFactoryInitiator  : HHH000397: Using ASTQueryTranslatorFactory
2020-04-25 12:20:50.477  INFO 28912 --- [    Test worker] o.s.s.web.DefaultSecurityFilterChain     : Creating filter chain: any request, [org.springframework.security.web.context.request.async.WebAsyncManagerIntegrationFilter@17e017cb, org.springframework.security.web.context.SecurityContextPersistenceFilter@72bd4d9a, org.springframework.security.web.header.HeaderWriterFilter@593aadff, org.springframework.security.web.authentication.logout.LogoutFilter@2c49a37a, com.myorg.ezdeal.security.jwt.AuthTokenFilter@7f9d9740, org.springframework.security.web.savedrequest.RequestCacheAwareFilter@5d7e20b4, org.springframework.security.web.servletapi.SecurityContextHolderAwareRequestFilter@3807c8a8, org.springframework.security.web.authentication.AnonymousAuthenticationFilter@65ccb776, org.springframework.security.web.session.SessionManagementFilter@6d65b0c1, org.springframework.security.web.access.ExceptionTranslationFilter@53f4e9e5, org.springframework.security.web.access.intercept.FilterSecurityInterceptor@2681e7ea]
2020-04-25 12:20:51.353  INFO 28912 --- [    Test worker] o.s.s.concurrent.ThreadPoolTaskExecutor  : Initializing ExecutorService 'applicationTaskExecutor'
2020-04-25 12:20:51.444  WARN 28912 --- [    Test worker] aWebConfiguration$JpaWebMvcConfiguration : spring.jpa.open-in-view is enabled by default. Therefore, database queries may be performed during view rendering. Explicitly configure spring.jpa.open-in-view to disable this warning
2020-04-25 12:20:52.210  INFO 28912 --- [    Test worker] com.myorg.ezdeal.ReseñaRepositoryTest    : Started ReseñaRepositoryTest in 8.002 seconds (JVM running for 8.959)
2020-04-25 12:20:52.254  INFO 28912 --- [    Test worker] o.s.t.c.transaction.TransactionContext   : Began transaction (1) for test context [DefaultTestContext@566e0b87 testClass = ReseñaRepositoryTest, testInstance = com.myorg.ezdeal.ReseñaRepositoryTest@31041a04, testMethod = saveTest@ReseñaRepositoryTest, testException = [null], mergedContextConfiguration = [WebMergedContextConfiguration@73b01adb testClass = ReseñaRepositoryTest, locations = '{}', classes = '{class com.myorg.ezdeal.Application}', contextInitializerClasses = '[]', activeProfiles = '{}', propertySourceLocations = '{}', propertySourceProperties = '{org.springframework.boot.test.context.SpringBootTestContextBootstrapper=true}', contextCustomizers = set[org.springframework.boot.test.autoconfigure.properties.PropertyMappingContextCustomizer@0, org.springframework.boot.test.autoconfigure.web.servlet.WebDriverContextCustomizerFactory$Customizer@15ee1279, [ImportsContextCustomizer@7ca67079 key = [org.springframework.boot.test.autoconfigure.orm.jpa.TestEntityManagerAutoConfiguration]], org.springframework.boot.test.context.filter.ExcludeFilterContextCustomizer@5025f5dc, org.springframework.boot.test.json.DuplicateJsonObjectContextCustomizerFactory$DuplicateJsonObjectContextCustomizer@6b4541c0, org.springframework.boot.test.mock.mockito.MockitoContextCustomizer@0, org.springframework.boot.test.web.client.TestRestTemplateContextCustomizer@e2afec5], resourceBasePath = 'src/main/webapp', contextLoader = 'org.springframework.boot.test.context.SpringBootContextLoader', parent = [null]], attributes = map['org.springframework.test.context.web.ServletTestExecutionListener.activateListener' -> true, 'org.springframework.test.context.web.ServletTestExecutionListener.populatedRequestContextHolder' -> true, 'org.springframework.test.context.web.ServletTestExecutionListener.resetRequestContextHolder' -> true]]; transaction manager [org.springframework.orm.jpa.JpaTransactionManager@204aba57]; rollback [true]
Hibernate: 
    select
        servicio0_.servicio_id as servicio1_10_0_,
        servicio0_.anunciante_id as anuncia11_10_0_,
        servicio0_.costo_servicio as costo_se2_10_0_,
        servicio0_.descripcion as descripc3_10_0_,
        servicio0_.esta_habilitado as esta_hab4_10_0_,
        servicio0_.fecha_publicacion as fecha_pu5_10_0_,
        servicio0_.imagen as imagen6_10_0_,
        servicio0_.modalidad as modalida7_10_0_,
        servicio0_.tipo_servicio_id as tipo_se12_10_0_,
        servicio0_.titulo as titulo8_10_0_,
        servicio0_.valoracion as valoraci9_10_0_,
        servicio0_.video_presentacion as video_p10_10_0_,
        usuario1_.usuario_id as usuario_1_13_1_,
        usuario1_.apellido_materno as apellido2_13_1_,
        usuario1_.apellido_paterno as apellido3_13_1_,
        usuario1_.cuenta_habilitada as cuenta_h4_13_1_,
        usuario1_.cuenta_id as cuenta_12_13_1_,
        usuario1_.departamento as departam5_13_1_,
        usuario1_.direccion as direccio6_13_1_,
        usuario1_.distrito as distrito7_13_1_,
        usuario1_.imagen_perfil as imagen_p8_13_1_,
        usuario1_.anunciante_id as anuncia13_13_1_,
        usuario1_.nombres as nombres9_13_1_,
        usuario1_.provincia as provinc10_13_1_,
        usuario1_.strikes as strikes11_13_1_,
        cuenta2_.cuenta_id as cuenta_i1_3_2_,
        cuenta2_.contrasena as contrase2_3_2_,
        cuenta2_.email as email3_3_2_,
        cuenta2_.nombre_usuario as nombre_u4_3_2_,
        anunciante3_.anunciante_id as anuncian1_1_3_,
        anunciante3_.antecedentes_penales as antecede2_1_3_,
        anunciante3_.celular as celular3_1_3_,
        anunciante3_.dni as dni4_1_3_,
        anunciante3_.fecha_caducidad as fecha_ca5_1_3_,
        anunciante3_.membresia_id as membresi8_1_3_,
        anunciante3_.telefono_fijo as telefono6_1_3_,
        anunciante3_.url_contacto as url_cont7_1_3_,
        tiposervic4_.tipo_servicio_id as tipo_ser1_12_4_,
        tiposervic4_.descripcion as descripc2_12_4_,
        tiposervic4_.nombre as nombre3_12_4_ 
    from
        servicio servicio0_ 
    left outer join
        usuario usuario1_ 
            on servicio0_.anunciante_id=usuario1_.usuario_id 
    left outer join
        cuenta cuenta2_ 
            on usuario1_.cuenta_id=cuenta2_.cuenta_id 
    left outer join
        anunciante anunciante3_ 
            on usuario1_.anunciante_id=anunciante3_.anunciante_id 
    left outer join
        tipo_servicio tiposervic4_ 
            on servicio0_.tipo_servicio_id=tiposervic4_.tipo_servicio_id 
    where
        servicio0_.servicio_id=?
Hibernate: 
    select
        membresia0_.membresia_id as membresi1_7_0_,
        membresia0_.costo as costo2_7_0_,
        membresia0_.nombre as nombre3_7_0_ 
    from
        membresia membresia0_ 
    where
        membresia0_.membresia_id=?
Hibernate: 
    insert 
    into
        cuenta
        (contrasena, email, nombre_usuario) 
    values
        (?, ?, ?)
Hibernate: 
    insert 
    into
        usuario
        (apellido_materno, apellido_paterno, cuenta_habilitada, cuenta_id, departamento, direccion, distrito, imagen_perfil, anunciante_id, nombres, provincia, strikes) 
    values
        (?, ?, ?, ?, ?, ?, ?, ?, ?, ?, ?, ?)
Hibernate: 
    insert 
    into
        reseña
        (cliente_id, contenido, servicio_id, valoracion) 
    values
        (?, ?, ?, ?)
Hibernate: 
    select
        servicio0_.servicio_id as servicio1_10_1_,
        servicio0_.anunciante_id as anuncia11_10_1_,
        servicio0_.costo_servicio as costo_se2_10_1_,
        servicio0_.descripcion as descripc3_10_1_,
        servicio0_.esta_habilitado as esta_hab4_10_1_,
        servicio0_.fecha_publicacion as fecha_pu5_10_1_,
        servicio0_.imagen as imagen6_10_1_,
        servicio0_.modalidad as modalida7_10_1_,
        servicio0_.tipo_servicio_id as tipo_se12_10_1_,
        servicio0_.titulo as titulo8_10_1_,
        servicio0_.valoracion as valoraci9_10_1_,
        servicio0_.video_presentacion as video_p10_10_1_,
        horarios1_.servicio_id as servicio5_5_3_,
        horarios1_.horario_id as horario_1_5_3_,
        horarios1_.horario_id as horario_1_5_0_,
        horarios1_.dia as dia2_5_0_,
        horarios1_.hora_apertura as hora_ape3_5_0_,
        horarios1_.hora_cierre as hora_cie4_5_0_,
        horarios1_.servicio_id as servicio5_5_0_ 
    from
        servicio servicio0_ 
    left outer join
        horario horarios1_ 
            on servicio0_.servicio_id=horarios1_.servicio_id 
    where
        servicio0_.servicio_id=?
2020-04-25 12:20:52.519  INFO 28912 --- [    Test worker] o.s.t.c.transaction.TransactionContext   : Rolled back transaction for test: [DefaultTestContext@566e0b87 testClass = ReseñaRepositoryTest, testInstance = com.myorg.ezdeal.ReseñaRepositoryTest@31041a04, testMethod = saveTest@ReseñaRepositoryTest, testException = [null], mergedContextConfiguration = [WebMergedContextConfiguration@73b01adb testClass = ReseñaRepositoryTest, locations = '{}', classes = '{class com.myorg.ezdeal.Application}', contextInitializerClasses = '[]', activeProfiles = '{}', propertySourceLocations = '{}', propertySourceProperties = '{org.springframework.boot.test.context.SpringBootTestContextBootstrapper=true}', contextCustomizers = set[org.springframework.boot.test.autoconfigure.properties.PropertyMappingContextCustomizer@0, org.springframework.boot.test.autoconfigure.web.servlet.WebDriverContextCustomizerFactory$Customizer@15ee1279, [ImportsContextCustomizer@7ca67079 key = [org.springframework.boot.test.autoconfigure.orm.jpa.TestEntityManagerAutoConfiguration]], org.springframework.boot.test.context.filter.ExcludeFilterContextCustomizer@5025f5dc, org.springframework.boot.test.json.DuplicateJsonObjectContextCustomizerFactory$DuplicateJsonObjectContextCustomizer@6b4541c0, org.springframework.boot.test.mock.mockito.MockitoContextCustomizer@0, org.springframework.boot.test.web.client.TestRestTemplateContextCustomizer@e2afec5], resourceBasePath = 'src/main/webapp', contextLoader = 'org.springframework.boot.test.context.SpringBootContextLoader', parent = [null]], attributes = map['org.springframework.test.context.web.ServletTestExecutionListener.activateListener' -> true, 'org.springframework.test.context.web.ServletTestExecutionListener.populatedRequestContextHolder' -> true, 'org.springframework.test.context.web.ServletTestExecutionListener.resetRequestContextHolder' -> true]]
]]></system-out>
  <system-err><![CDATA[]]></system-err>
</testsuite>
