<?xml version="1.0" encoding="UTF-8"?>
<testsuite name="com.myorg.ezdeal.UsuarioServiceImplTest" tests="1" skipped="0" failures="1" errors="0" timestamp="2020-06-27T03:27:07" hostname="DESKTOP-2O2HPAS" time="0.001">
  <properties/>
  <testcase name="listarUsuariosTest" classname="com.myorg.ezdeal.UsuarioServiceImplTest" time="0.001">
    <failure message="java.lang.IllegalStateException: Failed to load ApplicationContext" type="java.lang.IllegalStateException">java.lang.IllegalStateException: Failed to load ApplicationContext
	at org.springframework.test.context.cache.DefaultCacheAwareContextLoaderDelegate.loadContext(DefaultCacheAwareContextLoaderDelegate.java:125)
	at org.springframework.test.context.support.DefaultTestContext.getApplicationContext(DefaultTestContext.java:108)
	at org.springframework.test.context.web.ServletTestExecutionListener.setUpRequestContextIfNecessary(ServletTestExecutionListener.java:190)
	at org.springframework.test.context.web.ServletTestExecutionListener.prepareTestInstance(ServletTestExecutionListener.java:132)
	at org.springframework.test.context.TestContextManager.prepareTestInstance(TestContextManager.java:246)
	at org.springframework.test.context.junit4.SpringJUnit4ClassRunner.createTest(SpringJUnit4ClassRunner.java:227)
	at org.springframework.test.context.junit4.SpringJUnit4ClassRunner$1.runReflectiveCall(SpringJUnit4ClassRunner.java:289)
	at org.junit.internal.runners.model.ReflectiveCallable.run(ReflectiveCallable.java:12)
	at org.springframework.test.context.junit4.SpringJUnit4ClassRunner.methodBlock(SpringJUnit4ClassRunner.java:291)
	at org.springframework.test.context.junit4.SpringJUnit4ClassRunner.runChild(SpringJUnit4ClassRunner.java:246)
	at org.springframework.test.context.junit4.SpringJUnit4ClassRunner.runChild(SpringJUnit4ClassRunner.java:97)
	at org.junit.runners.ParentRunner$3.run(ParentRunner.java:290)
	at org.junit.runners.ParentRunner$1.schedule(ParentRunner.java:71)
	at org.junit.runners.ParentRunner.runChildren(ParentRunner.java:288)
	at org.junit.runners.ParentRunner.access$000(ParentRunner.java:58)
	at org.junit.runners.ParentRunner$2.evaluate(ParentRunner.java:268)
	at org.springframework.test.context.junit4.statements.RunBeforeTestClassCallbacks.evaluate(RunBeforeTestClassCallbacks.java:61)
	at org.springframework.test.context.junit4.statements.RunAfterTestClassCallbacks.evaluate(RunAfterTestClassCallbacks.java:70)
	at org.junit.runners.ParentRunner.run(ParentRunner.java:363)
	at org.springframework.test.context.junit4.SpringJUnit4ClassRunner.run(SpringJUnit4ClassRunner.java:190)
	at org.gradle.api.internal.tasks.testing.junit.JUnitTestClassExecutor.runTestClass(JUnitTestClassExecutor.java:106)
	at org.gradle.api.internal.tasks.testing.junit.JUnitTestClassExecutor.execute(JUnitTestClassExecutor.java:58)
	at org.gradle.api.internal.tasks.testing.junit.JUnitTestClassExecutor.execute(JUnitTestClassExecutor.java:38)
	at org.gradle.api.internal.tasks.testing.junit.AbstractJUnitTestClassProcessor.processTestClass(AbstractJUnitTestClassProcessor.java:66)
	at org.gradle.api.internal.tasks.testing.SuiteTestClassProcessor.processTestClass(SuiteTestClassProcessor.java:51)
	at sun.reflect.NativeMethodAccessorImpl.invoke0(Native Method)
	at sun.reflect.NativeMethodAccessorImpl.invoke(NativeMethodAccessorImpl.java:62)
	at sun.reflect.DelegatingMethodAccessorImpl.invoke(DelegatingMethodAccessorImpl.java:43)
	at java.lang.reflect.Method.invoke(Method.java:498)
	at org.gradle.internal.dispatch.ReflectionDispatch.dispatch(ReflectionDispatch.java:35)
	at org.gradle.internal.dispatch.ReflectionDispatch.dispatch(ReflectionDispatch.java:24)
	at org.gradle.internal.dispatch.ContextClassLoaderDispatch.dispatch(ContextClassLoaderDispatch.java:32)
	at org.gradle.internal.dispatch.ProxyDispatchAdapter$DispatchingInvocationHandler.invoke(ProxyDispatchAdapter.java:93)
	at com.sun.proxy.$Proxy2.processTestClass(Unknown Source)
	at org.gradle.api.internal.tasks.testing.worker.TestWorker.processTestClass(TestWorker.java:117)
	at sun.reflect.NativeMethodAccessorImpl.invoke0(Native Method)
	at sun.reflect.NativeMethodAccessorImpl.invoke(NativeMethodAccessorImpl.java:62)
	at sun.reflect.DelegatingMethodAccessorImpl.invoke(DelegatingMethodAccessorImpl.java:43)
	at java.lang.reflect.Method.invoke(Method.java:498)
	at org.gradle.internal.dispatch.ReflectionDispatch.dispatch(ReflectionDispatch.java:35)
	at org.gradle.internal.dispatch.ReflectionDispatch.dispatch(ReflectionDispatch.java:24)
	at org.gradle.internal.remote.internal.hub.MessageHubBackedObjectConnection$DispatchWrapper.dispatch(MessageHubBackedObjectConnection.java:155)
	at org.gradle.internal.remote.internal.hub.MessageHubBackedObjectConnection$DispatchWrapper.dispatch(MessageHubBackedObjectConnection.java:137)
	at org.gradle.internal.remote.internal.hub.MessageHub$Handler.run(MessageHub.java:404)
	at org.gradle.internal.concurrent.ExecutorPolicy$CatchAndRecordFailures.onExecute(ExecutorPolicy.java:63)
	at org.gradle.internal.concurrent.ManagedExecutorImpl$1.run(ManagedExecutorImpl.java:46)
	at java.util.concurrent.ThreadPoolExecutor.runWorker(ThreadPoolExecutor.java:1149)
	at java.util.concurrent.ThreadPoolExecutor$Worker.run(ThreadPoolExecutor.java:624)
	at org.gradle.internal.concurrent.ThreadFactoryImpl$ManagedThreadRunnable.run(ThreadFactoryImpl.java:55)
	at java.lang.Thread.run(Thread.java:748)
Caused by: org.springframework.beans.factory.UnsatisfiedDependencyException: Error creating bean with name 'usuarioServiceImpl': Unsatisfied dependency expressed through constructor parameter 1; nested exception is org.springframework.beans.factory.NoSuchBeanDefinitionException: No qualifying bean of type 'com.myorg.ezdeal.repository.AnuncianteRepository' available: expected at least 1 bean which qualifies as autowire candidate. Dependency annotations: {}
	at org.springframework.beans.factory.support.ConstructorResolver.createArgumentArray(ConstructorResolver.java:769)
	at org.springframework.beans.factory.support.ConstructorResolver.autowireConstructor(ConstructorResolver.java:218)
	at org.springframework.beans.factory.support.AbstractAutowireCapableBeanFactory.autowireConstructor(AbstractAutowireCapableBeanFactory.java:1341)
	at org.springframework.beans.factory.support.AbstractAutowireCapableBeanFactory.createBeanInstance(AbstractAutowireCapableBeanFactory.java:1187)
	at org.springframework.beans.factory.support.AbstractAutowireCapableBeanFactory.doCreateBean(AbstractAutowireCapableBeanFactory.java:555)
	at org.springframework.beans.factory.support.AbstractAutowireCapableBeanFactory.createBean(AbstractAutowireCapableBeanFactory.java:515)
	at org.springframework.beans.factory.support.AbstractBeanFactory.lambda$doGetBean$0(AbstractBeanFactory.java:320)
	at org.springframework.beans.factory.support.DefaultSingletonBeanRegistry.getSingleton(DefaultSingletonBeanRegistry.java:222)
	at org.springframework.beans.factory.support.AbstractBeanFactory.doGetBean(AbstractBeanFactory.java:318)
	at org.springframework.beans.factory.support.AbstractBeanFactory.getBean(AbstractBeanFactory.java:199)
	at org.springframework.beans.factory.support.DefaultListableBeanFactory.preInstantiateSingletons(DefaultListableBeanFactory.java:843)
	at org.springframework.context.support.AbstractApplicationContext.finishBeanFactoryInitialization(AbstractApplicationContext.java:877)
	at org.springframework.context.support.AbstractApplicationContext.refresh(AbstractApplicationContext.java:549)
	at org.springframework.boot.SpringApplication.refresh(SpringApplication.java:775)
	at org.springframework.boot.SpringApplication.refreshContext(SpringApplication.java:397)
	at org.springframework.boot.SpringApplication.run(SpringApplication.java:316)
	at org.springframework.boot.test.context.SpringBootContextLoader.loadContext(SpringBootContextLoader.java:127)
	at org.springframework.test.context.cache.DefaultCacheAwareContextLoaderDelegate.loadContextInternal(DefaultCacheAwareContextLoaderDelegate.java:99)
	at org.springframework.test.context.cache.DefaultCacheAwareContextLoaderDelegate.loadContext(DefaultCacheAwareContextLoaderDelegate.java:117)
	... 49 more
Caused by: org.springframework.beans.factory.NoSuchBeanDefinitionException: No qualifying bean of type 'com.myorg.ezdeal.repository.AnuncianteRepository' available: expected at least 1 bean which qualifies as autowire candidate. Dependency annotations: {}
	at org.springframework.beans.factory.support.DefaultListableBeanFactory.raiseNoMatchingBeanFound(DefaultListableBeanFactory.java:1655)
	at org.springframework.beans.factory.support.DefaultListableBeanFactory.doResolveDependency(DefaultListableBeanFactory.java:1214)
	at org.springframework.beans.factory.support.DefaultListableBeanFactory.resolveDependency(DefaultListableBeanFactory.java:1168)
	at org.springframework.beans.factory.support.ConstructorResolver.resolveAutowiredArgument(ConstructorResolver.java:857)
	at org.springframework.beans.factory.support.ConstructorResolver.createArgumentArray(ConstructorResolver.java:760)
	... 67 more
</failure>
  </testcase>
  <system-out><![CDATA[[DEBUG] SpringJUnit4ClassRunner constructor called with [class com.myorg.ezdeal.UsuarioServiceImplTest]
[DEBUG] Instantiating CacheAwareContextLoaderDelegate from class [org.springframework.test.context.cache.DefaultCacheAwareContextLoaderDelegate]
[DEBUG] Instantiating BootstrapContext using constructor [public org.springframework.test.context.support.DefaultBootstrapContext(java.lang.Class,org.springframework.test.context.CacheAwareContextLoaderDelegate)]
[DEBUG] Instantiating TestContextBootstrapper for test class [com.myorg.ezdeal.UsuarioServiceImplTest] from class [org.springframework.boot.test.context.SpringBootTestContextBootstrapper]
[INFO] Neither @ContextConfiguration nor @ContextHierarchy found for test class [com.myorg.ezdeal.UsuarioServiceImplTest], using SpringBootContextLoader
[DEBUG] Did not detect default resource location for test class [com.myorg.ezdeal.UsuarioServiceImplTest]: class path resource [com/myorg/ezdeal/UsuarioServiceImplTest-context.xml] does not exist
[DEBUG] Did not detect default resource location for test class [com.myorg.ezdeal.UsuarioServiceImplTest]: class path resource [com/myorg/ezdeal/UsuarioServiceImplTestContext.groovy] does not exist
[INFO] Could not detect default resource locations for test class [com.myorg.ezdeal.UsuarioServiceImplTest]: no resource found for suffixes {-context.xml, Context.groovy}.
[DEBUG] Could not find an 'annotation declaring class' for annotation type [org.springframework.test.context.ActiveProfiles] and class [com.myorg.ezdeal.UsuarioServiceImplTest]
[DEBUG] @TestExecutionListeners is not present for class [com.myorg.ezdeal.UsuarioServiceImplTest]: using defaults.
[INFO] Loaded default TestExecutionListener class names from location [META-INF/spring.factories]: [org.springframework.security.test.context.support.WithSecurityContextTestExecutionListener, org.springframework.security.test.context.support.ReactorContextTestExecutionListener, org.springframework.boot.test.autoconfigure.restdocs.RestDocsTestExecutionListener, org.springframework.boot.test.autoconfigure.web.client.MockRestServiceServerResetTestExecutionListener, org.springframework.boot.test.autoconfigure.web.servlet.MockMvcPrintOnlyOnFailureTestExecutionListener, org.springframework.boot.test.autoconfigure.web.servlet.WebDriverTestExecutionListener, org.springframework.boot.test.mock.mockito.MockitoTestExecutionListener, org.springframework.boot.test.mock.mockito.ResetMocksTestExecutionListener, org.springframework.test.context.web.ServletTestExecutionListener, org.springframework.test.context.support.DirtiesContextBeforeModesTestExecutionListener, org.springframework.test.context.support.DependencyInjectionTestExecutionListener, org.springframework.test.context.support.DirtiesContextTestExecutionListener, org.springframework.test.context.transaction.TransactionalTestExecutionListener, org.springframework.test.context.jdbc.SqlScriptsTestExecutionListener]
[INFO] Using TestExecutionListeners: [org.springframework.test.context.web.ServletTestExecutionListener@3579d9e8, org.springframework.test.context.support.DirtiesContextBeforeModesTestExecutionListener@3087f785, org.springframework.boot.test.mock.mockito.MockitoTestExecutionListener@5a0f4f2e, org.springframework.boot.test.autoconfigure.SpringBootDependencyInjectionTestExecutionListener@1f6f2e, org.springframework.test.context.support.DirtiesContextTestExecutionListener@7bd2505c, org.springframework.test.context.transaction.TransactionalTestExecutionListener@7466ab7c, org.springframework.test.context.jdbc.SqlScriptsTestExecutionListener@5430ece1, org.springframework.security.test.context.support.WithSecurityContextTestExecutionListener@2f2d9f56, org.springframework.security.test.context.support.ReactorContextTestExecutionListener@46147a5f, org.springframework.boot.test.autoconfigure.restdocs.RestDocsTestExecutionListener@76804aa, org.springframework.boot.test.autoconfigure.web.client.MockRestServiceServerResetTestExecutionListener@54ecb742, org.springframework.boot.test.autoconfigure.web.servlet.MockMvcPrintOnlyOnFailureTestExecutionListener@177855a6, org.springframework.boot.test.autoconfigure.web.servlet.WebDriverTestExecutionListener@725b0394, org.springframework.boot.test.mock.mockito.ResetMocksTestExecutionListener@35511421]
[DEBUG] Retrieved @ProfileValueSourceConfiguration [null] for test class [com.myorg.ezdeal.UsuarioServiceImplTest]
[DEBUG] Retrieved ProfileValueSource type [class org.springframework.test.annotation.SystemProfileValueSource] for class [com.myorg.ezdeal.UsuarioServiceImplTest]
[DEBUG] Retrieved @ProfileValueSourceConfiguration [null] for test class [com.myorg.ezdeal.UsuarioServiceImplTest]
[DEBUG] Retrieved ProfileValueSource type [class org.springframework.test.annotation.SystemProfileValueSource] for class [com.myorg.ezdeal.UsuarioServiceImplTest]
[DEBUG] Before test class: context [DefaultTestContext@4b6e36e testClass = UsuarioServiceImplTest, testInstance = [null], testMethod = [null], testException = [null], mergedContextConfiguration = [WebMergedContextConfiguration@5136433b testClass = UsuarioServiceImplTest, locations = '{}', classes = '{class com.myorg.ezdeal.service.implementation.UsuarioServiceImpl, class com.myorg.ezdeal.service.implementation.UsuarioServiceImpl}', contextInitializerClasses = '[]', activeProfiles = '{}', propertySourceLocations = '{}', propertySourceProperties = '{org.springframework.boot.test.context.SpringBootTestContextBootstrapper=true}', contextCustomizers = set[org.springframework.boot.test.autoconfigure.properties.PropertyMappingContextCustomizer@0, org.springframework.boot.test.autoconfigure.web.servlet.WebDriverContextCustomizerFactory$Customizer@48e225ba, org.springframework.boot.test.context.filter.ExcludeFilterContextCustomizer@59d299bd, org.springframework.boot.test.json.DuplicateJsonObjectContextCustomizerFactory$DuplicateJsonObjectContextCustomizer@6906e1ef, org.springframework.boot.test.mock.mockito.MockitoContextCustomizer@7e267e3, org.springframework.boot.test.web.client.TestRestTemplateContextCustomizer@7f96e8e], resourceBasePath = 'src/main/webapp', contextLoader = 'org.springframework.boot.test.context.SpringBootContextLoader', parent = [null]], attributes = map['org.springframework.test.context.web.ServletTestExecutionListener.activateListener' -> true]], class annotated with @DirtiesContext [false] with mode [null].
[DEBUG] Retrieved @ProfileValueSourceConfiguration [null] for test class [com.myorg.ezdeal.UsuarioServiceImplTest]
[DEBUG] Retrieved ProfileValueSource type [class org.springframework.test.annotation.SystemProfileValueSource] for class [com.myorg.ezdeal.UsuarioServiceImplTest]
[DEBUG] Adding inlined properties to environment: {spring.jmx.enabled=false, org.springframework.boot.test.context.SpringBootTestContextBootstrapper=true, server.port=-1}
[DEBUG] Application started with classpath: [file:/C:/Users/sebas/.gradle/caches/4.10/workerMain/gradle-worker.jar, file:/C:/Users/sebas/Desktop/EXPERIMENTOS_PROYECTO/EzDeal/API%20JAVA/build/classes/java/test/, file:/C:/Users/sebas/Desktop/EXPERIMENTOS_PROYECTO/EzDeal/API%20JAVA/build/classes/groovy/test, file:/C:/Users/sebas/Desktop/EXPERIMENTOS_PROYECTO/EzDeal/API%20JAVA/build/resources/test/, file:/C:/Users/sebas/Desktop/EXPERIMENTOS_PROYECTO/EzDeal/API%20JAVA/build/classes/java/main/, file:/C:/Users/sebas/Desktop/EXPERIMENTOS_PROYECTO/EzDeal/API%20JAVA/build/classes/groovy/main, file:/C:/Users/sebas/Desktop/EXPERIMENTOS_PROYECTO/EzDeal/API%20JAVA/build/resources/main/, file:/C:/Users/sebas/.gradle/caches/modules-2/files-2.1/com.google.cloud.sql/mysql-socket-factory-connector-j-8/1.0.16/fc75440d24c846802faf8c0a89998f3945b6dbe3/mysql-socket-factory-connector-j-8-1.0.16.jar, file:/C:/Users/sebas/.gradle/caches/modules-2/files-2.1/io.jsonwebtoken/jjwt/0.9.1/54d2abfc3e63a28824d35bf600d6a5d627da681a/jjwt-0.9.1.jar, file:/C:/Users/sebas/.gradle/caches/modules-2/files-2.1/org.springframework.boot/spring-boot-starter-data-jpa/2.1.5.RELEASE/f33f69b3744d07f832db6ab48eab227ccde9e922/spring-boot-starter-data-jpa-2.1.5.RELEASE.jar, file:/C:/Users/sebas/.gradle/caches/modules-2/files-2.1/org.springframework.data/spring-data-jpa/2.1.8.RELEASE/385ab53309b4f0dfb317c4753fe853821ff15c08/spring-data-jpa-2.1.8.RELEASE.jar, file:/C:/Users/sebas/.gradle/caches/modules-2/files-2.1/org.springframework.boot/spring-boot-starter-web/2.1.5.RELEASE/d46494b46a626cbd8f253066a2d7413412efc908/spring-boot-starter-web-2.1.5.RELEASE.jar, file:/C:/Users/sebas/.gradle/caches/modules-2/files-2.1/org.springframework/spring-webmvc/5.1.7.RELEASE/686326ff513bf4e852b3ee359cf741d92ab82cfe/spring-webmvc-5.1.7.RELEASE.jar, file:/C:/Users/sebas/.gradle/caches/modules-2/files-2.1/org.springframework.boot/spring-boot-starter-security/2.1.5.RELEASE/6c4509c39b8c7347e8226905b40071933ecde5e8/spring-boot-starter-security-2.1.5.RELEASE.jar, file:/C:/Users/sebas/.gradle/caches/modules-2/files-2.1/org.springframework.security/spring-security-config/5.1.5.RELEASE/5b2b4421b0440683f4c253804a1f430094cc2980/spring-security-config-5.1.5.RELEASE.jar, file:/C:/Users/sebas/.gradle/caches/modules-2/files-2.1/org.springframework.security/spring-security-test/5.1.5.RELEASE/914eb47c474bd80b9e7e46c2c1f445d0210da7b1/spring-security-test-5.1.5.RELEASE.jar, file:/C:/Users/sebas/.gradle/caches/modules-2/files-2.1/org.springframework.security/spring-security-web/5.1.5.RELEASE/6183275812460a301a31216e2061afa4929a5f39/spring-security-web-5.1.5.RELEASE.jar, file:/C:/Users/sebas/.gradle/caches/modules-2/files-2.1/org.springframework.security/spring-security-core/5.1.5.RELEASE/574d3da85383c09bd5970fe8a3b42756755702bf/spring-security-core-5.1.5.RELEASE.jar, file:/C:/Users/sebas/.gradle/caches/modules-2/files-2.1/org.springframework.boot/spring-boot-starter-test/2.1.5.RELEASE/48c367b0c6e82377ebbc84125e904ae987b90cff/spring-boot-starter-test-2.1.5.RELEASE.jar, file:/C:/Users/sebas/.gradle/caches/modules-2/files-2.1/org.springframework.boot/spring-boot-starter-aop/2.1.5.RELEASE/464cfb573009e724ea76ca404f106b1b19e759ff/spring-boot-starter-aop-2.1.5.RELEASE.jar, file:/C:/Users/sebas/.gradle/caches/modules-2/files-2.1/org.springframework.boot/spring-boot-starter-jdbc/2.1.5.RELEASE/6f187e708a47b0d37552a01292ce649a97a0059d/spring-boot-starter-jdbc-2.1.5.RELEASE.jar, file:/C:/Users/sebas/.gradle/caches/modules-2/files-2.1/org.springframework.boot/spring-boot-starter-json/2.1.5.RELEASE/cf880b4a4713b2a1aea21f929df718a0260aa29/spring-boot-starter-json-2.1.5.RELEASE.jar, file:/C:/Users/sebas/.gradle/caches/modules-2/files-2.1/org.springframework.boot/spring-boot-starter/2.1.5.RELEASE/74952d169c2da56f7794b3a88508e52005bb8f36/spring-boot-starter-2.1.5.RELEASE.jar, file:/C:/Users/sebas/.gradle/caches/modules-2/files-2.1/org.springframework.boot/spring-boot-test-autoconfigure/2.1.5.RELEASE/e55241ea53f6235709f3fdef3a4b715c92d39146/spring-boot-test-autoconfigure-2.1.5.RELEASE.jar, file:/C:/Users/sebas/.gradle/caches/modules-2/files-2.1/org.springframework.boot/spring-boot-test/2.1.5.RELEASE/1cbe5298015a969e3fbeec322396df98e01aa26/spring-boot-test-2.1.5.RELEASE.jar, file:/C:/Users/sebas/.gradle/caches/modules-2/files-2.1/org.springframework.boot/spring-boot-autoconfigure/2.1.5.RELEASE/69ae2819b295603563b95f79abae53f2631c5b94/spring-boot-autoconfigure-2.1.5.RELEASE.jar, file:/C:/Users/sebas/.gradle/caches/modules-2/files-2.1/org.springframework.boot/spring-boot/2.1.5.RELEASE/939061a385b4e30e115978d78a7412fb984674df/spring-boot-2.1.5.RELEASE.jar, file:/C:/Users/sebas/.gradle/caches/modules-2/files-2.1/org.springframework/spring-context/5.1.14.RELEASE/a88720ab10b8a6805fbd026c861b7459f9831882/spring-context-5.1.14.RELEASE.jar, file:/C:/Users/sebas/.gradle/caches/modules-2/files-2.1/io.cucumber/cucumber-spring/2.3.0/59d97aa49191dc3aa3114e45d0d29b1a45fd0ff9/cucumber-spring-2.3.0.jar, file:/C:/Users/sebas/.gradle/caches/modules-2/files-2.1/org.seleniumhq.selenium/selenium-server/3.10.0/5c6939fd421a12523581b3486e9372cdebdf21ff/selenium-server-3.10.0.jar, file:/C:/Users/sebas/.gradle/caches/modules-2/files-2.1/org.seleniumhq.selenium/selenium-java/3.141.59/e8e20b741299cb8ffedbd2925a3ab69d08b41063/selenium-java-3.141.59.jar, file:/C:/Users/sebas/.gradle/caches/modules-2/files-2.1/org.seleniumhq.selenium/selenium-chrome-driver/4.0.0-alpha-3/75b6fef517cdff403de688a35e4129de1070d1c2/selenium-chrome-driver-4.0.0-alpha-3.jar, file:/C:/Users/sebas/.gradle/caches/modules-2/files-2.1/org.seleniumhq.selenium/selenium-chromium-driver/4.0.0-alpha-3/e381572dd2bdf12d72f8d4d163b04d36168be20a/selenium-chromium-driver-4.0.0-alpha-3.jar, file:/C:/Users/sebas/.gradle/caches/modules-2/files-2.1/org.seleniumhq.selenium/selenium-devtools/4.0.0-alpha-3/40f4ef596fc8179edc36dff75a981a2e3072ad9c/selenium-devtools-4.0.0-alpha-3.jar, file:/C:/Users/sebas/.gradle/caches/modules-2/files-2.1/org.seleniumhq.selenium/selenium-edge-driver/3.14.0/ca62365ff82c8c03861848355932ab36ddd73f57/selenium-edge-driver-3.14.0.jar, file:/C:/Users/sebas/.gradle/caches/modules-2/files-2.1/org.seleniumhq.selenium/selenium-firefox-driver/3.14.0/f35ddc0b5e0e09be644df14ada85d83e6b8b3f3c/selenium-firefox-driver-3.14.0.jar, file:/C:/Users/sebas/.gradle/caches/modules-2/files-2.1/org.seleniumhq.selenium/selenium-ie-driver/3.14.0/3c92cd026f08d381aa9cff8eca03962add562577/selenium-ie-driver-3.14.0.jar, file:/C:/Users/sebas/.gradle/caches/modules-2/files-2.1/org.seleniumhq.selenium/selenium-opera-driver/3.14.0/123ae21ad13ecc888bf3e18d5c65857df32e6a9f/selenium-opera-driver-3.14.0.jar, file:/C:/Users/sebas/.gradle/caches/modules-2/files-2.1/org.seleniumhq.selenium/selenium-safari-driver/3.14.0/8dade249fbfc6833697592c155638f348de10fbd/selenium-safari-driver-3.14.0.jar, file:/C:/Users/sebas/.gradle/caches/modules-2/files-2.1/org.seleniumhq.selenium/htmlunit-driver/2.33.0/7999b7bf4af85133d86abadb47703c2ab11987f1/htmlunit-driver-2.33.0.jar, file:/C:/Users/sebas/.gradle/caches/modules-2/files-2.1/org.seleniumhq.selenium/selenium-support/3.14.0/2a8bfbe41c44a14f5674ea7bbcfc577259d34f99/selenium-support-3.14.0.jar, file:/C:/Users/sebas/.gradle/caches/modules-2/files-2.1/org.seleniumhq.selenium/selenium-remote-driver/3.14.0/434c26e9df775d8f49619f7275a65a36d2d72ceb/selenium-remote-driver-3.14.0.jar, file:/C:/Users/sebas/.gradle/caches/modules-2/files-2.1/com.squareup.okhttp3/okhttp/3.11.0/75966e05a49046ca2ae734e5626f28837a8d1e82/okhttp-3.11.0.jar, file:/C:/Users/sebas/.gradle/caches/modules-2/files-2.1/com.squareup.okio/okio/1.14.0/102d7be47241d781ef95f1581d414b0943053130/okio-1.14.0.jar, file:/C:/Users/sebas/.gradle/caches/modules-2/files-2.1/org.seleniumhq.selenium/selenium-http/4.0.0-alpha-3/42d2d579633c55a3de4170c397ea228dd2f055ba/selenium-http-4.0.0-alpha-3.jar, file:/C:/Users/sebas/.gradle/caches/modules-2/files-2.1/com.google.cloud.sql/jdbc-socket-factory-core/1.0.16/b67ad33a13ca37fdac2b0484d3af4930681feec5/jdbc-socket-factory-core-1.0.16.jar, file:/C:/Users/sebas/.gradle/caches/modules-2/files-2.1/com.google.auth/google-auth-library-oauth2-http/0.20.0/f33d4d6c91a68826816606a2208990eea93fcb2a/google-auth-library-oauth2-http-0.20.0.jar, file:/C:/Users/sebas/.gradle/caches/modules-2/files-2.1/com.google.apis/google-api-services-sqladmin/v1beta4-rev20190827-1.30.1/3a0672c494f25a91236b43d8df9b8a5216e74434/google-api-services-sqladmin-v1beta4-rev20190827-1.30.1.jar, file:/C:/Users/sebas/.gradle/caches/modules-2/files-2.1/com.google.api-client/google-api-client/1.30.1/64f29fe2dcc9e7b17f13bf750ea703e6c60d3cc4/google-api-client-1.30.1.jar, file:/C:/Users/sebas/.gradle/caches/modules-2/files-2.1/com.google.http-client/google-http-client-jackson2/1.34.0/417e7f7e88376fbca6073264da97d201611acf1f/google-http-client-jackson2-1.34.0.jar, file:/C:/Users/sebas/.gradle/caches/modules-2/files-2.1/com.google.oauth-client/google-oauth-client/1.30.1/5308d9c46802a0d5d82a1a93f7cec35334bc0d91/google-oauth-client-1.30.1.jar, file:/C:/Users/sebas/.gradle/caches/modules-2/files-2.1/com.google.http-client/google-http-client/1.34.0/263190d4ea87727af0d632d40ee4dc40716b1597/google-http-client-1.34.0.jar, file:/C:/Users/sebas/.gradle/caches/modules-2/files-2.1/io.opencensus/opencensus-contrib-http-util/0.24.0/6d96406c272d884038eb63b262458df75b5445/opencensus-contrib-http-util-0.24.0.jar, file:/C:/Users/sebas/.gradle/caches/modules-2/files-2.1/com.google.guava/guava/25.0-jre/7319c34fa5866a85b6bad445adad69d402323129/guava-25.0-jre.jar, file:/C:/Users/sebas/.gradle/caches/modules-2/files-2.1/org.apache.commons/commons-exec/1.3/8dfb9facd0830a27b1b5f29f84593f0aeee7773b/commons-exec-1.3.jar, file:/C:/Users/sebas/.gradle/caches/modules-2/files-2.1/org.mockito/mockito-core/2.7.22/fcf63bc8010ca77991e3cadd8d33ad1a40603404/mockito-core-2.7.22.jar, file:/C:/Users/sebas/.gradle/caches/modules-2/files-2.1/org.hibernate/hibernate-core/5.3.10.Final/e608b854325005edbf43cb2b6041fdafd3f2eb57/hibernate-core-5.3.10.Final.jar, file:/C:/Users/sebas/.gradle/caches/modules-2/files-2.1/net.bytebuddy/byte-buddy/1.8.15/cb36fe3c70ead5fcd016856a7efff908402d86b8/byte-buddy-1.8.15.jar, file:/C:/Users/sebas/.gradle/caches/modules-2/files-2.1/mysql/mysql-connector-java/8.0.16/6088b7a25188ab4b3ab865422a8ec77ade29236/mysql-connector-java-8.0.16.jar, file:/C:/Users/sebas/.gradle/caches/modules-2/files-2.1/org.junit.jupiter/junit-jupiter-api/5.6.2/c9ba885abfe975cda123bf6f8f0a69a1b46956d0/junit-jupiter-api-5.6.2.jar, file:/C:/Users/sebas/.gradle/caches/modules-2/files-2.1/io.cucumber/cucumber-java/5.6.0/ac08797d3f9483278e9c9c02520e085e8b590f7b/cucumber-java-5.6.0.jar, file:/C:/Users/sebas/.gradle/caches/modules-2/files-2.1/io.cucumber/cucumber-junit/5.6.0/956380fbcb9c1512985dde3032a7f08038528ed0/cucumber-junit-5.6.0.jar, file:/C:/Users/sebas/.gradle/caches/modules-2/files-2.1/net.sourceforge.cobertura/cobertura/2.1.1/eab984794b3f7d0d37736a9e5b7f790128f611b5/cobertura-2.1.1.jar, file:/C:/Users/sebas/.gradle/caches/modules-2/files-2.1/com.github.jnr/jnr-unixsocket/0.30/98b08969f6129188ac60048c0a2512da6c9a695b/jnr-unixsocket-0.30.jar, file:/C:/Users/sebas/.gradle/caches/modules-2/files-2.1/org.ow2.asm/asm-util/8.0.1/a8f978fbad00c565210bebedb28e5d6f73327134/asm-util-8.0.1.jar, file:/C:/Users/sebas/.gradle/caches/modules-2/files-2.1/com.fasterxml.jackson.datatype/jackson-datatype-jdk8/2.9.8/bcd02aa9195390e23747ed40bf76be869ad3a2fb/jackson-datatype-jdk8-2.9.8.jar, file:/C:/Users/sebas/.gradle/caches/modules-2/files-2.1/com.fasterxml.jackson.datatype/jackson-datatype-jsr310/2.9.8/28ad1bced632ba338e51c825a652f6e11a8e6eac/jackson-datatype-jsr310-2.9.8.jar, file:/C:/Users/sebas/.gradle/caches/modules-2/files-2.1/com.fasterxml.jackson.module/jackson-module-parameter-names/2.9.8/c4eef0e6e20d60fb27af4bc4770dba7bcc3f6de6/jackson-module-parameter-names-2.9.8.jar, file:/C:/Users/sebas/.gradle/caches/modules-2/files-2.1/com.fasterxml.jackson.core/jackson-databind/2.9.8/11283f21cc480aa86c4df7a0a3243ec508372ed2/jackson-databind-2.9.8.jar, file:/C:/Users/sebas/.gradle/caches/modules-2/files-2.1/org.springframework/spring-aop/5.1.7.RELEASE/8138b5e3dd01d514741de35d7f5050599c617509/spring-aop-5.1.7.RELEASE.jar, file:/C:/Users/sebas/.gradle/caches/modules-2/files-2.1/org.springframework/spring-web/5.1.7.RELEASE/595dd528ec66eccc6cf4375ea3b56f3605fa1d1f/spring-web-5.1.7.RELEASE.jar, file:/C:/Users/sebas/.gradle/caches/modules-2/files-2.1/org.springframework/spring-orm/5.1.7.RELEASE/1e532795f730814b07961fbf5f14e14bd2507fcd/spring-orm-5.1.7.RELEASE.jar, file:/C:/Users/sebas/.gradle/caches/modules-2/files-2.1/org.springframework/spring-jdbc/5.1.7.RELEASE/d00069664e066c4021fa3de167ad755e4148f340/spring-jdbc-5.1.7.RELEASE.jar, file:/C:/Users/sebas/.gradle/caches/modules-2/files-2.1/org.springframework.data/spring-data-commons/2.1.8.RELEASE/d68b9a9850ee21319469c40bdbdfe4eaaf29557/spring-data-commons-2.1.8.RELEASE.jar, file:/C:/Users/sebas/.gradle/caches/modules-2/files-2.1/org.springframework/spring-tx/5.1.7.RELEASE/d437d5d353312d94206b469b43e203eba1bdcec6/spring-tx-5.1.7.RELEASE.jar, file:/C:/Users/sebas/.gradle/caches/modules-2/files-2.1/org.springframework/spring-beans/5.1.7.RELEASE/14cd651e4aa3514e75710c9450c7a0c89413e63f/spring-beans-5.1.7.RELEASE.jar, file:/C:/Users/sebas/.gradle/caches/modules-2/files-2.1/org.springframework/spring-test/5.1.7.RELEASE/936c1a9ce4ba45889cf66be9276dabe5e4068a58/spring-test-5.1.7.RELEASE.jar, file:/C:/Users/sebas/.gradle/caches/modules-2/files-2.1/org.springframework/spring-expression/5.1.7.RELEASE/7b47446553c83a5a7323d647f5c1793106b2948c/spring-expression-5.1.7.RELEASE.jar, file:/C:/Users/sebas/.gradle/caches/modules-2/files-2.1/org.springframework/spring-core/5.1.7.RELEASE/280f821b9ed4dad9993f1d551d6e86557092ae58/spring-core-5.1.7.RELEASE.jar, file:/C:/Users/sebas/.gradle/caches/modules-2/files-2.1/org.seleniumhq.selenium/selenium-json/4.0.0-alpha-3/17afddd52d686a8b3620083e3f5ae209602c2da9/selenium-json-4.0.0-alpha-3.jar, file:/C:/Users/sebas/.gradle/caches/modules-2/files-2.1/org.seleniumhq.selenium/selenium-api/3.14.0/73e6db9b3cdc42966679a2112bfde9efbef16223/selenium-api-3.14.0.jar, file:/C:/Users/sebas/.gradle/caches/modules-2/files-2.1/com.beust/jcommander/1.72/6375e521c1e11d6563d4f25a07ce124ccf8cd171/jcommander-1.72.jar, file:/C:/Users/sebas/.gradle/caches/modules-2/files-2.1/net.sourceforge.htmlunit/htmlunit/2.33/9c84a0db5c8dac8adfd3d9af8b6f671fb5bfe652/htmlunit-2.33.jar, file:/C:/Users/sebas/.gradle/caches/modules-2/files-2.1/org.apache.commons/commons-text/1.4/680b74de9c393bbf8d9e951af301659b16845907/commons-text-1.4.jar, file:/C:/Users/sebas/.gradle/caches/modules-2/files-2.1/org.apache.commons/commons-lang3/3.8.1/6505a72a097d9270f7a9e7bf42c4238283247755/commons-lang3-3.8.1.jar, file:/C:/Users/sebas/.gradle/caches/modules-2/files-2.1/org.apache.httpcomponents/httpmime/4.5.8/f5bd81aa5b2d091398199e6ee234bf7094889f1d/httpmime-4.5.8.jar, file:/C:/Users/sebas/.gradle/caches/modules-2/files-2.1/org.apache.httpcomponents/httpclient/4.5.8/c27c9d6f15435dc2b6947112027b418b0eef32b9/httpclient-4.5.8.jar, file:/C:/Users/sebas/.gradle/caches/modules-2/files-2.1/commons-codec/commons-codec/1.11/3acb4705652e16236558f0f4f2192cc33c3bd189/commons-codec-1.11.jar, file:/C:/Users/sebas/.gradle/caches/modules-2/files-2.1/commons-io/commons-io/2.6/815893df5f31da2ece4040fe0a12fd44b577afaf/commons-io-2.6.jar, file:/C:/Users/sebas/.gradle/caches/modules-2/files-2.1/commons-logging/commons-logging/1.2/4bfc12adfe4842bf07b657f0369c4cb522955686/commons-logging-1.2.jar, file:/C:/Users/sebas/.gradle/caches/modules-2/files-2.1/commons-net/commons-net/3.6/b71de00508dcb078d2b24b5fa7e538636de9b3da/commons-net-3.6.jar, file:/C:/Users/sebas/.gradle/caches/modules-2/files-2.1/net.sourceforge.cssparser/cssparser/0.9.24/539eeb759666289fe5506222dbef25de956f6fa0/cssparser-0.9.24.jar, file:/C:/Users/sebas/.gradle/caches/modules-2/files-2.1/org.w3c.css/sac/1.3/cdb2dcb4e22b83d6b32b93095f644c3462739e82/sac-1.3.jar, file:/C:/Users/sebas/.gradle/caches/modules-2/files-2.1/com.google.code.gson/gson/2.8.5/f645ed69d595b24d4cf8b3fbb64cc505bede8829/gson-2.8.5.jar, file:/C:/Users/sebas/.gradle/caches/modules-2/files-2.1/net.sourceforge.htmlunit/htmlunit-core-js/2.33/3a5a81ed89551aee471c5cd072c54efdb8b43939/htmlunit-core-js-2.33.jar, file:/C:/Users/sebas/.gradle/caches/modules-2/files-2.1/net.sourceforge.htmlunit/neko-htmlunit/2.33/51d0a7d6c9dbc4d26a3fb927f158ec32f329924/neko-htmlunit-2.33.jar, file:/C:/Users/sebas/.gradle/caches/modules-2/files-2.1/org.apache.httpcomponents/httpcore/4.4.11/de748cf874e4e193b42eceea9fe5574fabb9d4df/httpcore-4.4.11.jar, file:/C:/Users/sebas/.gradle/caches/modules-2/files-2.1/net.jcip/jcip-annotations/1.0/afba4942caaeaf46aab0b976afd57cc7c181467e/jcip-annotations-1.0.jar, file:/C:/Users/sebas/.gradle/caches/modules-2/files-2.1/org.seleniumhq.selenium/jetty-repacked/9.4.7.v20171121/720617da559a4fd8a92658cf47cd43852055d8f9/jetty-repacked-9.4.7.v20171121.jar, file:/C:/Users/sebas/.gradle/caches/modules-2/files-2.1/org.eclipse.jetty.websocket/websocket-client/9.4.18.v20190429/74e06da00ca2489049144a03122c8eb0c26ce4c8/websocket-client-9.4.18.v20190429.jar, file:/C:/Users/sebas/.gradle/caches/modules-2/files-2.1/org.eclipse.jetty/jetty-client/9.4.18.v20190429/e5d7bd53f2f3ae46354efa56beca2dc505258e92/jetty-client-9.4.18.v20190429.jar, file:/C:/Users/sebas/.gradle/caches/modules-2/files-2.1/org.eclipse.jetty/jetty-http/9.4.18.v20190429/c2e73db2db5c369326b717da71b6587b3da11e0e/jetty-http-9.4.18.v20190429.jar, file:/C:/Users/sebas/.gradle/caches/modules-2/files-2.1/org.eclipse.jetty.websocket/websocket-common/9.4.18.v20190429/a79b6a009987e268b396581b13d80460ea201ad7/websocket-common-9.4.18.v20190429.jar, file:/C:/Users/sebas/.gradle/caches/modules-2/files-2.1/org.eclipse.jetty/jetty-io/9.4.18.v20190429/844af5efe58ab23fd0166a796efef123f4cb06b0/jetty-io-9.4.18.v20190429.jar, file:/C:/Users/sebas/.gradle/caches/modules-2/files-2.1/org.eclipse.jetty/jetty-xml/9.4.18.v20190429/dcd2806ee48e646fd4dcff81c7c6867fea2b52e8/jetty-xml-9.4.18.v20190429.jar, file:/C:/Users/sebas/.gradle/caches/modules-2/files-2.1/org.eclipse.jetty/jetty-util/9.4.18.v20190429/13e6148bfda7ae511f69ae7e5e3ea898bc9b0e33/jetty-util-9.4.18.v20190429.jar, file:/C:/Users/sebas/.gradle/caches/modules-2/files-2.1/javax.servlet/javax.servlet-api/4.0.1/a27082684a2ff0bf397666c3943496c44541d1ca/javax.servlet-api-4.0.1.jar, file:/C:/Users/sebas/.gradle/caches/modules-2/files-2.1/org.eclipse.jetty.websocket/websocket-api/9.4.18.v20190429/5d3a31018c8f7e892d2630cc2eca0c0949ebb110/websocket-api-9.4.18.v20190429.jar, file:/C:/Users/sebas/.gradle/caches/modules-2/files-2.1/xalan/xalan/2.7.2/d55d3f02a56ec4c25695fe67e1334ff8c2ecea23/xalan-2.7.2.jar, file:/C:/Users/sebas/.gradle/caches/modules-2/files-2.1/xalan/serializer/2.7.2/24247f3bb052ee068971393bdb83e04512bb1c3c/serializer-2.7.2.jar, file:/C:/Users/sebas/.gradle/caches/modules-2/files-2.1/xerces/xercesImpl/2.12.0/f02c844149fd306601f20e0b34853a670bef7fa2/xercesImpl-2.12.0.jar, file:/C:/Users/sebas/.gradle/caches/modules-2/files-2.1/xml-apis/xml-apis/1.4.01/3789d9fada2d3d458c4ba2de349d48780f381ee3/xml-apis-1.4.01.jar, file:/C:/Users/sebas/.gradle/caches/modules-2/files-2.1/org.yaml/snakeyaml/1.23/ec62d74fe50689c28c0ff5b35d3aebcaa8b5be68/snakeyaml-1.23.jar, file:/C:/Users/sebas/.gradle/caches/modules-2/files-2.1/com.google.code.findbugs/jsr305/3.0.2/25ea2e8b0c338a877313bd4672d3fe056ea78f0d/jsr305-3.0.2.jar, file:/C:/Users/sebas/.gradle/caches/modules-2/files-2.1/org.checkerframework/checker-compat-qual/2.0.0/fc89b03860d11d6213d0154a62bcd1c2f69b9efa/checker-compat-qual-2.0.0.jar, file:/C:/Users/sebas/.gradle/caches/modules-2/files-2.1/com.google.errorprone/error_prone_annotations/2.1.3/39b109f2cd352b2d71b52a3b5a1a9850e1dc304b/error_prone_annotations-2.1.3.jar, file:/C:/Users/sebas/.gradle/caches/modules-2/files-2.1/com.google.j2objc/j2objc-annotations/1.3/ba035118bc8bac37d7eff77700720999acd9986d/j2objc-annotations-1.3.jar, file:/C:/Users/sebas/.gradle/caches/modules-2/files-2.1/org.codehaus.mojo/animal-sniffer-annotations/1.14/775b7e22fb10026eed3f86e8dc556dfafe35f2d5/animal-sniffer-annotations-1.14.jar, file:/C:/Users/sebas/.gradle/caches/modules-2/files-2.1/javax.transaction/javax.transaction-api/1.3/e006adf5cf3cca2181d16bd640ecb80148ec0fce/javax.transaction-api-1.3.jar, file:/C:/Users/sebas/.gradle/caches/modules-2/files-2.1/javax.xml.bind/jaxb-api/2.3.1/8531ad5ac454cc2deb9d4d32c40c4d7451939b5d/jaxb-api-2.3.1.jar, file:/C:/Users/sebas/.gradle/caches/modules-2/files-2.1/org.springframework/spring-aspects/5.1.7.RELEASE/15309277b9a18c8dae21272be3e57b69a67c41f6/spring-aspects-5.1.7.RELEASE.jar, file:/C:/Users/sebas/.gradle/caches/modules-2/files-2.1/org.springframework.boot/spring-boot-starter-tomcat/2.1.5.RELEASE/49de1c20ea6b8c6920d0a66329f9bf980e4498eb/spring-boot-starter-tomcat-2.1.5.RELEASE.jar, file:/C:/Users/sebas/.gradle/caches/modules-2/files-2.1/org.hibernate.validator/hibernate-validator/6.0.16.Final/ad9557c558972093c0567a2a1f224f318c00f650/hibernate-validator-6.0.16.Final.jar, file:/C:/Users/sebas/.gradle/caches/modules-2/files-2.1/org.junit.platform/junit-platform-commons/1.3.2/378d1d1b162426ad031522f6d51e3bf28d1631a4/junit-platform-commons-1.3.2.jar, file:/C:/Users/sebas/.gradle/caches/modules-2/files-2.1/io.cucumber/cucumber-core/5.6.0/3832ddbd0dd6d8f8513f10d57db728acd8bbc0d4/cucumber-core-5.6.0.jar, file:/C:/Users/sebas/.gradle/caches/modules-2/files-2.1/io.cucumber/cucumber-expressions/8.3.1/5d885415d050be6cd197afa726a4a4733cb50a75/cucumber-expressions-8.3.1.jar, file:/C:/Users/sebas/.gradle/caches/modules-2/files-2.1/io.cucumber/datatable/3.3.1/42f416daccc2af23581cd51f0289f7d972c8a0bd/datatable-3.3.1.jar, file:/C:/Users/sebas/.gradle/caches/modules-2/files-2.1/io.cucumber/cucumber-gherkin-vintage/5.6.0/5df7a6be1f3732638cbdb9dab1dc0fb0c2d24390/cucumber-gherkin-vintage-5.6.0.jar, file:/C:/Users/sebas/.gradle/caches/modules-2/files-2.1/io.cucumber/cucumber-gherkin/5.6.0/aced996a3703f318a00a0232ecb641e52c616918/cucumber-gherkin-5.6.0.jar, file:/C:/Users/sebas/.gradle/caches/modules-2/files-2.1/io.cucumber/cucumber-plugin/5.6.0/ed2fa90ab018faeb8dce6a2302183cab402d15ca/cucumber-plugin-5.6.0.jar, file:/C:/Users/sebas/.gradle/caches/modules-2/files-2.1/io.cucumber/docstring/5.6.0/a5785353786cad1617b20569431d8babffedf6a0/docstring-5.6.0.jar, file:/C:/Users/sebas/.gradle/caches/modules-2/files-2.1/org.apiguardian/apiguardian-api/1.1.0/fc9dff4bb36d627bdc553de77e1f17efd790876c/apiguardian-api-1.1.0.jar, file:/C:/Users/sebas/.gradle/caches/modules-2/files-2.1/org.opentest4j/opentest4j/1.2.0/28c11eb91f9b6d8e200631d46e20a7f407f2a046/opentest4j-1.2.0.jar, file:/C:/Users/sebas/.gradle/caches/modules-2/files-2.1/net.bytebuddy/byte-buddy-agent/1.9.12/e00a8edb67b99217cab8ade01f1f1183c15d669e/byte-buddy-agent-1.9.12.jar, file:/C:/Users/sebas/.gradle/caches/modules-2/files-2.1/org.objenesis/objenesis/2.5/612ecb799912ccf77cba9b3ed8c813da086076e9/objenesis-2.5.jar, file:/C:/Users/sebas/.gradle/caches/modules-2/files-2.1/org.apache.ant/ant-junit/1.8.3/9f77eec4e103241602fb0cdd97b3ec3237e0bd9/ant-junit-1.8.3.jar, file:/C:/Users/sebas/.gradle/caches/modules-2/files-2.1/junit/junit/4.12/2973d150c0dc1fefe998f834810d68f278ea58ec/junit-4.12.jar, file:/C:/Users/sebas/.gradle/caches/modules-2/files-2.1/com.github.jnr/jnr-enxio/0.26/4aa7d87a343964f7cf5fa0cf75cfd275900868/jnr-enxio-0.26.jar, file:/C:/Users/sebas/.gradle/caches/modules-2/files-2.1/com.github.jnr/jnr-posix/3.0.55/bc896394df5640131bf3992c9322eba772556e1a/jnr-posix-3.0.55.jar, file:/C:/Users/sebas/.gradle/caches/modules-2/files-2.1/com.github.jnr/jnr-ffi/2.1.13/238855ae79fa9bbbb4804103ee691aadb333c8cf/jnr-ffi-2.1.13.jar, file:/C:/Users/sebas/.gradle/caches/modules-2/files-2.1/org.ow2.asm/asm-commons/7.1/431dc677cf5c56660c1c9004870de1ed1ea7ce6c/asm-commons-7.1.jar, file:/C:/Users/sebas/.gradle/caches/modules-2/files-2.1/org.ow2.asm/asm-analysis/8.0.1/6c2c7b3006b3a54dd63467a020263c0756fd5e80/asm-analysis-8.0.1.jar, file:/C:/Users/sebas/.gradle/caches/modules-2/files-2.1/org.ow2.asm/asm-tree/8.0.1/dfcad5abbcff36f8bdad5647fe6f4972e958ad59/asm-tree-8.0.1.jar, file:/C:/Users/sebas/.gradle/caches/modules-2/files-2.1/com.jayway.jsonpath/json-path/2.4.0/765a4401ceb2dc8d40553c2075eb80a8fa35c2ae/json-path-2.4.0.jar, file:/C:/Users/sebas/.gradle/caches/modules-2/files-2.1/net.minidev/json-smart/2.3/7396407491352ce4fa30de92efb158adb76b5b/json-smart-2.3.jar, file:/C:/Users/sebas/.gradle/caches/modules-2/files-2.1/net.minidev/accessors-smart/1.2/c592b500269bfde36096641b01238a8350f8aa31/accessors-smart-1.2.jar, file:/C:/Users/sebas/.gradle/caches/modules-2/files-2.1/org.ow2.asm/asm/8.0.1/3f5199523fb95304b44563f5d56d9f5a07270669/asm-8.0.1.jar, file:/C:/Users/sebas/.gradle/caches/modules-2/files-2.1/oro/oro/2.0.8/5592374f834645c4ae250f4c9fbb314c9369d698/oro-2.0.8.jar, file:/C:/Users/sebas/.gradle/caches/modules-2/files-2.1/jaxen/jaxen/1.1.6/3f8c36d9a0578e8e98f030c662b69888b1430ac0/jaxen-1.1.6.jar, file:/C:/Users/sebas/.gradle/caches/modules-2/files-2.1/org.apache.ant/ant/1.8.3/77c746ecab048b9839c7a8e39e55fe8636c5b11/ant-1.8.3.jar, file:/C:/Users/sebas/.gradle/caches/modules-2/files-2.1/org.mortbay.jetty/jetty/6.1.14/5ded67b609e59c27e82ff61b510773d28c9bef56/jetty-6.1.14.jar, file:/C:/Users/sebas/.gradle/caches/modules-2/files-2.1/org.mortbay.jetty/servlet-api-2.5/6.1.14/5f07601ab7d7c85dd9e38a17c0e1b0edfbd4a191/servlet-api-2.5-6.1.14.jar, file:/C:/Users/sebas/.gradle/caches/modules-2/files-2.1/org.mortbay.jetty/jetty-util/6.1.14/1b707d5884e35c9b97114a24aa9ee94ca531fa21/jetty-util-6.1.14.jar, file:/C:/Users/sebas/.gradle/caches/modules-2/files-2.1/org.springframework.boot/spring-boot-starter-logging/2.1.5.RELEASE/b4fe11fb0e606b67b9fb2bd9ae4fe65b484445dd/spring-boot-starter-logging-2.1.5.RELEASE.jar, file:/C:/Users/sebas/.gradle/caches/modules-2/files-2.1/ch.qos.logback/logback-classic/1.2.3/7c4f3c474fb2c041d8028740440937705ebb473a/logback-classic-1.2.3.jar, file:/C:/Users/sebas/.gradle/caches/modules-2/files-2.1/com.zaxxer/HikariCP/3.2.0/6c66db1c636ee90beb4c65fe34abd8ba9396bca6/HikariCP-3.2.0.jar, file:/C:/Users/sebas/.gradle/caches/modules-2/files-2.1/org.apache.logging.log4j/log4j-to-slf4j/2.11.2/6d37bf7b046c0ce2669f26b99365a2cfa45c4c18/log4j-to-slf4j-2.11.2.jar, file:/C:/Users/sebas/.gradle/caches/modules-2/files-2.1/org.slf4j/jul-to-slf4j/1.7.26/8031352b2bb0a49e67818bf04c027aa92e645d5c/jul-to-slf4j-1.7.26.jar, file:/C:/Users/sebas/.gradle/caches/modules-2/files-2.1/org.slf4j/slf4j-api/1.7.26/77100a62c2e6f04b53977b9f541044d7d722693d/slf4j-api-1.7.26.jar, file:/C:/Users/sebas/.gradle/caches/modules-2/files-2.1/org.assertj/assertj-core/3.11.1/fdac3217b804d6900fa3650f17b5cb48e620b140/assertj-core-3.11.1.jar, file:/C:/Users/sebas/.gradle/caches/modules-2/files-2.1/org.hamcrest/hamcrest-library/1.3/4785a3c21320980282f9f33d0d1264a69040538f/hamcrest-library-1.3.jar, file:/C:/Users/sebas/.gradle/caches/modules-2/files-2.1/org.hamcrest/hamcrest-core/1.3/42a25dc3219429f0e5d060061f71acb49bf010a0/hamcrest-core-1.3.jar, file:/C:/Users/sebas/.gradle/caches/modules-2/files-2.1/org.skyscreamer/jsonassert/1.5.0/6c9d5fe2f59da598d9aefc1cfc6528ff3cf32df3/jsonassert-1.5.0.jar, file:/C:/Users/sebas/.gradle/caches/modules-2/files-2.1/org.xmlunit/xmlunit-core/2.6.2/b0461888cdd8d3975ea8a57df96520409cadcb6c/xmlunit-core-2.6.2.jar, file:/C:/Users/sebas/.gradle/caches/modules-2/files-2.1/com.github.jnr/jnr-constants/0.9.15/755a72c18be533af46337776eb4285b1aa45f229/jnr-constants-0.9.15.jar, file:/C:/Users/sebas/.gradle/caches/modules-2/files-2.1/com.fasterxml.jackson.core/jackson-annotations/2.9.0/7c10d545325e3a6e72e06381afe469fd40eb701/jackson-annotations-2.9.0.jar, file:/C:/Users/sebas/.gradle/caches/modules-2/files-2.1/com.fasterxml.jackson.core/jackson-core/2.9.8/f5a654e4675769c716e5b387830d19b501ca191/jackson-core-2.9.8.jar, file:/C:/Users/sebas/.gradle/caches/modules-2/files-2.1/org.springframework/spring-jcl/5.1.7.RELEASE/6b14bfb9ae41ca1bc604fe2e78f4a6efa3d67002/spring-jcl-5.1.7.RELEASE.jar, file:/C:/Users/sebas/.gradle/caches/modules-2/files-2.1/net.sourceforge.htmlunit/htmlunit-cssparser/1.2.0/ffd4183dd840ab2ab7e279ca0ad12743966d3df/htmlunit-cssparser-1.2.0.jar, file:/C:/Users/sebas/.gradle/caches/modules-2/files-2.1/org.aspectj/aspectjweaver/1.9.4/9205229878f3d62fbd3a32a0fb6be2d6ad8589a9/aspectjweaver-1.9.4.jar, file:/C:/Users/sebas/.gradle/caches/modules-2/files-2.1/javax.activation/javax.activation-api/1.2.0/85262acf3ca9816f9537ca47d5adeabaead7cb16/javax.activation-api-1.2.0.jar, file:/C:/Users/sebas/.gradle/caches/modules-2/files-2.1/org.hibernate.common/hibernate-commons-annotations/5.0.4.Final/965a18fdf939ee75e41f7918532d37b3a8350535/hibernate-commons-annotations-5.0.4.Final.jar, file:/C:/Users/sebas/.gradle/caches/modules-2/files-2.1/org.jboss.logging/jboss-logging/3.3.2.Final/3789d00e859632e6c6206adc0c71625559e6e3b0/jboss-logging-3.3.2.Final.jar, file:/C:/Users/sebas/.gradle/caches/modules-2/files-2.1/javax.persistence/javax.persistence-api/2.2/25665ac8c0b62f50e6488173233239120fc52c96/javax.persistence-api-2.2.jar, file:/C:/Users/sebas/.gradle/caches/modules-2/files-2.1/org.javassist/javassist/3.23.2-GA/c5afe660a95e87ceb518e4f5cf02f5c56b547683/javassist-3.23.2-GA.jar, file:/C:/Users/sebas/.gradle/caches/modules-2/files-2.1/antlr/antlr/2.7.7/83cd2cd674a217ade95a4bb83a8a14f351f48bd0/antlr-2.7.7.jar, file:/C:/Users/sebas/.gradle/caches/modules-2/files-2.1/org.jboss/jandex/2.0.5.Final/7060f67764565b9ee9d467e3ed0cb8a9c601b23a/jandex-2.0.5.Final.jar, file:/C:/Users/sebas/.gradle/caches/modules-2/files-2.1/com.fasterxml/classmate/1.4.0/291658ac2ce2476256c7115943652c0accb5c857/classmate-1.4.0.jar, file:/C:/Users/sebas/.gradle/caches/modules-2/files-2.1/org.dom4j/dom4j/2.1.1/3dce5dbb3571aa820c677fadd8349bfa8f00c199/dom4j-2.1.1.jar, file:/C:/Users/sebas/.gradle/caches/modules-2/files-2.1/javax.annotation/javax.annotation-api/1.3.2/934c04d3cfef185a8008e7bf34331b79730a9d43/javax.annotation-api-1.3.2.jar, file:/C:/Users/sebas/.gradle/caches/modules-2/files-2.1/org.apache.tomcat.embed/tomcat-embed-websocket/9.0.19/dee79022818f490203f4901f5651f3233aee14db/tomcat-embed-websocket-9.0.19.jar, file:/C:/Users/sebas/.gradle/caches/modules-2/files-2.1/org.apache.tomcat.embed/tomcat-embed-core/9.0.19/56e42e12bf92b713befd0700430f7c5c0af68d49/tomcat-embed-core-9.0.19.jar, file:/C:/Users/sebas/.gradle/caches/modules-2/files-2.1/org.apache.tomcat.embed/tomcat-embed-el/9.0.19/6145f2cd11c7df4ad9463637087c0f7e8e673394/tomcat-embed-el-9.0.19.jar, file:/C:/Users/sebas/.gradle/caches/modules-2/files-2.1/javax.validation/validation-api/2.0.1.Final/cb855558e6271b1b32e716d24cb85c7f583ce09e/validation-api-2.0.1.Final.jar, file:/C:/Users/sebas/.gradle/caches/modules-2/files-2.1/io.cucumber/tag-expressions/2.0.4/b0587c9db1794f90b680b2b422c8df6170b384c1/tag-expressions-2.0.4.jar, file:/C:/Users/sebas/.gradle/caches/modules-2/files-2.1/org.apache.ant/ant-launcher/1.8.3/a22bcf9438c41828b04c13b052c4886606abac2/ant-launcher-1.8.3.jar, file:/C:/Users/sebas/.gradle/caches/modules-2/files-2.1/ch.qos.logback/logback-core/1.2.3/864344400c3d4d92dfeb0a305dc87d953677c03c/logback-core-1.2.3.jar, file:/C:/Users/sebas/.gradle/caches/modules-2/files-2.1/com.vaadin.external.google/android-json/0.0.20131108.vaadin1/fa26d351fe62a6a17f5cda1287c1c6110dec413f/android-json-0.0.20131108.vaadin1.jar, file:/C:/Users/sebas/.gradle/caches/modules-2/files-2.1/com.google.auto.value/auto-value-annotations/1.7/5be124948ebdc7807df68207f35a0f23ce427f29/auto-value-annotations-1.7.jar, file:/C:/Users/sebas/.gradle/caches/modules-2/files-2.1/com.google.auth/google-auth-library-credentials/0.20.0/87a91a373e64ba5c3cdf8cc5cf54b189dd1492f8/google-auth-library-credentials-0.20.0.jar, file:/C:/Users/sebas/.gradle/caches/modules-2/files-2.1/com.github.jnr/jffi/1.2.23/59d5e3e86e2583fba0cf04d4f126a5205a24c4b6/jffi-1.2.23.jar, file:/C:/Users/sebas/.gradle/caches/modules-2/files-2.1/com.github.jnr/jffi/1.2.23/ea93fbd2137c797ed8a686737e8bdfeead20f1b1/jffi-1.2.23-native.jar, file:/C:/Users/sebas/.gradle/caches/modules-2/files-2.1/com.github.jnr/jnr-a64asm/1.0.0/a1cb8dbe71b5a6a0288043c3ba3ca64545be165/jnr-a64asm-1.0.0.jar, file:/C:/Users/sebas/.gradle/caches/modules-2/files-2.1/com.github.jnr/jnr-x86asm/1.0.2/6936bbd6c5b235665d87bd450f5e13b52d4b48/jnr-x86asm-1.0.2.jar, file:/C:/Users/sebas/.gradle/caches/modules-2/files-2.1/io.opencensus/opencensus-api/0.24.0/f974451b19007ce820f433311ce8adb88e2b7d2c/opencensus-api-0.24.0.jar, file:/C:/Users/sebas/.gradle/caches/modules-2/files-2.1/org.apache.logging.log4j/log4j-api/2.11.2/f5e9a2ffca496057d6891a3de65128efc636e26e/log4j-api-2.11.2.jar, file:/C:/Users/sebas/.gradle/caches/modules-2/files-2.1/io.grpc/grpc-context/1.22.1/1a074f9cf6f367b99c25e70dc68589f142f82d11/grpc-context-1.22.1.jar]

  .   ____          _            __ _ _
 /\\ / ___'_ __ _ _(_)_ __  __ _ \ \ \ \
( ( )\___ | '_ | '_| | '_ \/ _` | \ \ \ \
 \\/  ___)| |_)| | | | | || (_| |  ) ) ) )
  '  |____| .__|_| |_|_| |_\__, | / / / /
 =========|_|==============|___/=/_/_/_/
 :: Spring Boot ::        (v2.1.5.RELEASE)

[INFO] Starting UsuarioServiceImplTest on DESKTOP-2O2HPAS with PID 18912 (started by sebas in C:\Users\sebas\Desktop\EXPERIMENTOS_PROYECTO\EzDeal\API JAVA)
[DEBUG] Running with Spring Boot v2.1.5.RELEASE, Spring v5.1.14.RELEASE
[INFO] No active profile set, falling back to default profiles: default
[DEBUG] Loading source class com.myorg.ezdeal.service.implementation.UsuarioServiceImpl
[DEBUG] Loaded config file 'file:/C:/Users/sebas/Desktop/EXPERIMENTOS_PROYECTO/EzDeal/API%20JAVA/build/resources/test/application.properties' (classpath:/application.properties)
[DEBUG] Refreshing org.springframework.web.context.support.GenericWebApplicationContext@1b51e3e0
[DEBUG] Creating shared instance of singleton bean 'org.springframework.context.annotation.internalConfigurationAnnotationProcessor'
[DEBUG] Creating shared instance of singleton bean 'org.springframework.boot.autoconfigure.internalCachingMetadataReaderFactory'
[DEBUG] Creating shared instance of singleton bean 'org.springframework.boot.test.mock.mockito.MockitoPostProcessor'
[DEBUG] Creating shared instance of singleton bean 'org.springframework.context.event.internalEventListenerProcessor'
[DEBUG] Creating shared instance of singleton bean 'org.springframework.context.event.internalEventListenerFactory'
[DEBUG] Creating shared instance of singleton bean 'org.springframework.boot.test.mock.mockito.MockitoPostProcessor$SpyPostProcessor'
[DEBUG] Creating shared instance of singleton bean 'org.springframework.context.annotation.internalAutowiredAnnotationProcessor'
[DEBUG] Creating shared instance of singleton bean 'org.springframework.context.annotation.internalCommonAnnotationProcessor'
[DEBUG] Creating shared instance of singleton bean 'org.springframework.context.annotation.internalPersistenceAnnotationProcessor'
[DEBUG] Unable to locate ThemeSource with name 'themeSource': using default [org.springframework.ui.context.support.ResourceBundleThemeSource@1bca65d4]
[DEBUG] Creating shared instance of singleton bean 'usuarioServiceImpl'
[WARN] Exception encountered during context initialization - cancelling refresh attempt: org.springframework.beans.factory.UnsatisfiedDependencyException: Error creating bean with name 'usuarioServiceImpl': Unsatisfied dependency expressed through constructor parameter 1; nested exception is org.springframework.beans.factory.NoSuchBeanDefinitionException: No qualifying bean of type 'com.myorg.ezdeal.repository.AnuncianteRepository' available: expected at least 1 bean which qualifies as autowire candidate. Dependency annotations: {}
[DEBUG] Application failed to start with classpath: [file:/C:/Users/sebas/.gradle/caches/4.10/workerMain/gradle-worker.jar, file:/C:/Users/sebas/Desktop/EXPERIMENTOS_PROYECTO/EzDeal/API%20JAVA/build/classes/java/test/, file:/C:/Users/sebas/Desktop/EXPERIMENTOS_PROYECTO/EzDeal/API%20JAVA/build/classes/groovy/test, file:/C:/Users/sebas/Desktop/EXPERIMENTOS_PROYECTO/EzDeal/API%20JAVA/build/resources/test/, file:/C:/Users/sebas/Desktop/EXPERIMENTOS_PROYECTO/EzDeal/API%20JAVA/build/classes/java/main/, file:/C:/Users/sebas/Desktop/EXPERIMENTOS_PROYECTO/EzDeal/API%20JAVA/build/classes/groovy/main, file:/C:/Users/sebas/Desktop/EXPERIMENTOS_PROYECTO/EzDeal/API%20JAVA/build/resources/main/, file:/C:/Users/sebas/.gradle/caches/modules-2/files-2.1/com.google.cloud.sql/mysql-socket-factory-connector-j-8/1.0.16/fc75440d24c846802faf8c0a89998f3945b6dbe3/mysql-socket-factory-connector-j-8-1.0.16.jar, file:/C:/Users/sebas/.gradle/caches/modules-2/files-2.1/io.jsonwebtoken/jjwt/0.9.1/54d2abfc3e63a28824d35bf600d6a5d627da681a/jjwt-0.9.1.jar, file:/C:/Users/sebas/.gradle/caches/modules-2/files-2.1/org.springframework.boot/spring-boot-starter-data-jpa/2.1.5.RELEASE/f33f69b3744d07f832db6ab48eab227ccde9e922/spring-boot-starter-data-jpa-2.1.5.RELEASE.jar, file:/C:/Users/sebas/.gradle/caches/modules-2/files-2.1/org.springframework.data/spring-data-jpa/2.1.8.RELEASE/385ab53309b4f0dfb317c4753fe853821ff15c08/spring-data-jpa-2.1.8.RELEASE.jar, file:/C:/Users/sebas/.gradle/caches/modules-2/files-2.1/org.springframework.boot/spring-boot-starter-web/2.1.5.RELEASE/d46494b46a626cbd8f253066a2d7413412efc908/spring-boot-starter-web-2.1.5.RELEASE.jar, file:/C:/Users/sebas/.gradle/caches/modules-2/files-2.1/org.springframework/spring-webmvc/5.1.7.RELEASE/686326ff513bf4e852b3ee359cf741d92ab82cfe/spring-webmvc-5.1.7.RELEASE.jar, file:/C:/Users/sebas/.gradle/caches/modules-2/files-2.1/org.springframework.boot/spring-boot-starter-security/2.1.5.RELEASE/6c4509c39b8c7347e8226905b40071933ecde5e8/spring-boot-starter-security-2.1.5.RELEASE.jar, file:/C:/Users/sebas/.gradle/caches/modules-2/files-2.1/org.springframework.security/spring-security-config/5.1.5.RELEASE/5b2b4421b0440683f4c253804a1f430094cc2980/spring-security-config-5.1.5.RELEASE.jar, file:/C:/Users/sebas/.gradle/caches/modules-2/files-2.1/org.springframework.security/spring-security-test/5.1.5.RELEASE/914eb47c474bd80b9e7e46c2c1f445d0210da7b1/spring-security-test-5.1.5.RELEASE.jar, file:/C:/Users/sebas/.gradle/caches/modules-2/files-2.1/org.springframework.security/spring-security-web/5.1.5.RELEASE/6183275812460a301a31216e2061afa4929a5f39/spring-security-web-5.1.5.RELEASE.jar, file:/C:/Users/sebas/.gradle/caches/modules-2/files-2.1/org.springframework.security/spring-security-core/5.1.5.RELEASE/574d3da85383c09bd5970fe8a3b42756755702bf/spring-security-core-5.1.5.RELEASE.jar, file:/C:/Users/sebas/.gradle/caches/modules-2/files-2.1/org.springframework.boot/spring-boot-starter-test/2.1.5.RELEASE/48c367b0c6e82377ebbc84125e904ae987b90cff/spring-boot-starter-test-2.1.5.RELEASE.jar, file:/C:/Users/sebas/.gradle/caches/modules-2/files-2.1/org.springframework.boot/spring-boot-starter-aop/2.1.5.RELEASE/464cfb573009e724ea76ca404f106b1b19e759ff/spring-boot-starter-aop-2.1.5.RELEASE.jar, file:/C:/Users/sebas/.gradle/caches/modules-2/files-2.1/org.springframework.boot/spring-boot-starter-jdbc/2.1.5.RELEASE/6f187e708a47b0d37552a01292ce649a97a0059d/spring-boot-starter-jdbc-2.1.5.RELEASE.jar, file:/C:/Users/sebas/.gradle/caches/modules-2/files-2.1/org.springframework.boot/spring-boot-starter-json/2.1.5.RELEASE/cf880b4a4713b2a1aea21f929df718a0260aa29/spring-boot-starter-json-2.1.5.RELEASE.jar, file:/C:/Users/sebas/.gradle/caches/modules-2/files-2.1/org.springframework.boot/spring-boot-starter/2.1.5.RELEASE/74952d169c2da56f7794b3a88508e52005bb8f36/spring-boot-starter-2.1.5.RELEASE.jar, file:/C:/Users/sebas/.gradle/caches/modules-2/files-2.1/org.springframework.boot/spring-boot-test-autoconfigure/2.1.5.RELEASE/e55241ea53f6235709f3fdef3a4b715c92d39146/spring-boot-test-autoconfigure-2.1.5.RELEASE.jar, file:/C:/Users/sebas/.gradle/caches/modules-2/files-2.1/org.springframework.boot/spring-boot-test/2.1.5.RELEASE/1cbe5298015a969e3fbeec322396df98e01aa26/spring-boot-test-2.1.5.RELEASE.jar, file:/C:/Users/sebas/.gradle/caches/modules-2/files-2.1/org.springframework.boot/spring-boot-autoconfigure/2.1.5.RELEASE/69ae2819b295603563b95f79abae53f2631c5b94/spring-boot-autoconfigure-2.1.5.RELEASE.jar, file:/C:/Users/sebas/.gradle/caches/modules-2/files-2.1/org.springframework.boot/spring-boot/2.1.5.RELEASE/939061a385b4e30e115978d78a7412fb984674df/spring-boot-2.1.5.RELEASE.jar, file:/C:/Users/sebas/.gradle/caches/modules-2/files-2.1/org.springframework/spring-context/5.1.14.RELEASE/a88720ab10b8a6805fbd026c861b7459f9831882/spring-context-5.1.14.RELEASE.jar, file:/C:/Users/sebas/.gradle/caches/modules-2/files-2.1/io.cucumber/cucumber-spring/2.3.0/59d97aa49191dc3aa3114e45d0d29b1a45fd0ff9/cucumber-spring-2.3.0.jar, file:/C:/Users/sebas/.gradle/caches/modules-2/files-2.1/org.seleniumhq.selenium/selenium-server/3.10.0/5c6939fd421a12523581b3486e9372cdebdf21ff/selenium-server-3.10.0.jar, file:/C:/Users/sebas/.gradle/caches/modules-2/files-2.1/org.seleniumhq.selenium/selenium-java/3.141.59/e8e20b741299cb8ffedbd2925a3ab69d08b41063/selenium-java-3.141.59.jar, file:/C:/Users/sebas/.gradle/caches/modules-2/files-2.1/org.seleniumhq.selenium/selenium-chrome-driver/4.0.0-alpha-3/75b6fef517cdff403de688a35e4129de1070d1c2/selenium-chrome-driver-4.0.0-alpha-3.jar, file:/C:/Users/sebas/.gradle/caches/modules-2/files-2.1/org.seleniumhq.selenium/selenium-chromium-driver/4.0.0-alpha-3/e381572dd2bdf12d72f8d4d163b04d36168be20a/selenium-chromium-driver-4.0.0-alpha-3.jar, file:/C:/Users/sebas/.gradle/caches/modules-2/files-2.1/org.seleniumhq.selenium/selenium-devtools/4.0.0-alpha-3/40f4ef596fc8179edc36dff75a981a2e3072ad9c/selenium-devtools-4.0.0-alpha-3.jar, file:/C:/Users/sebas/.gradle/caches/modules-2/files-2.1/org.seleniumhq.selenium/selenium-edge-driver/3.14.0/ca62365ff82c8c03861848355932ab36ddd73f57/selenium-edge-driver-3.14.0.jar, file:/C:/Users/sebas/.gradle/caches/modules-2/files-2.1/org.seleniumhq.selenium/selenium-firefox-driver/3.14.0/f35ddc0b5e0e09be644df14ada85d83e6b8b3f3c/selenium-firefox-driver-3.14.0.jar, file:/C:/Users/sebas/.gradle/caches/modules-2/files-2.1/org.seleniumhq.selenium/selenium-ie-driver/3.14.0/3c92cd026f08d381aa9cff8eca03962add562577/selenium-ie-driver-3.14.0.jar, file:/C:/Users/sebas/.gradle/caches/modules-2/files-2.1/org.seleniumhq.selenium/selenium-opera-driver/3.14.0/123ae21ad13ecc888bf3e18d5c65857df32e6a9f/selenium-opera-driver-3.14.0.jar, file:/C:/Users/sebas/.gradle/caches/modules-2/files-2.1/org.seleniumhq.selenium/selenium-safari-driver/3.14.0/8dade249fbfc6833697592c155638f348de10fbd/selenium-safari-driver-3.14.0.jar, file:/C:/Users/sebas/.gradle/caches/modules-2/files-2.1/org.seleniumhq.selenium/htmlunit-driver/2.33.0/7999b7bf4af85133d86abadb47703c2ab11987f1/htmlunit-driver-2.33.0.jar, file:/C:/Users/sebas/.gradle/caches/modules-2/files-2.1/org.seleniumhq.selenium/selenium-support/3.14.0/2a8bfbe41c44a14f5674ea7bbcfc577259d34f99/selenium-support-3.14.0.jar, file:/C:/Users/sebas/.gradle/caches/modules-2/files-2.1/org.seleniumhq.selenium/selenium-remote-driver/3.14.0/434c26e9df775d8f49619f7275a65a36d2d72ceb/selenium-remote-driver-3.14.0.jar, file:/C:/Users/sebas/.gradle/caches/modules-2/files-2.1/com.squareup.okhttp3/okhttp/3.11.0/75966e05a49046ca2ae734e5626f28837a8d1e82/okhttp-3.11.0.jar, file:/C:/Users/sebas/.gradle/caches/modules-2/files-2.1/com.squareup.okio/okio/1.14.0/102d7be47241d781ef95f1581d414b0943053130/okio-1.14.0.jar, file:/C:/Users/sebas/.gradle/caches/modules-2/files-2.1/org.seleniumhq.selenium/selenium-http/4.0.0-alpha-3/42d2d579633c55a3de4170c397ea228dd2f055ba/selenium-http-4.0.0-alpha-3.jar, file:/C:/Users/sebas/.gradle/caches/modules-2/files-2.1/com.google.cloud.sql/jdbc-socket-factory-core/1.0.16/b67ad33a13ca37fdac2b0484d3af4930681feec5/jdbc-socket-factory-core-1.0.16.jar, file:/C:/Users/sebas/.gradle/caches/modules-2/files-2.1/com.google.auth/google-auth-library-oauth2-http/0.20.0/f33d4d6c91a68826816606a2208990eea93fcb2a/google-auth-library-oauth2-http-0.20.0.jar, file:/C:/Users/sebas/.gradle/caches/modules-2/files-2.1/com.google.apis/google-api-services-sqladmin/v1beta4-rev20190827-1.30.1/3a0672c494f25a91236b43d8df9b8a5216e74434/google-api-services-sqladmin-v1beta4-rev20190827-1.30.1.jar, file:/C:/Users/sebas/.gradle/caches/modules-2/files-2.1/com.google.api-client/google-api-client/1.30.1/64f29fe2dcc9e7b17f13bf750ea703e6c60d3cc4/google-api-client-1.30.1.jar, file:/C:/Users/sebas/.gradle/caches/modules-2/files-2.1/com.google.http-client/google-http-client-jackson2/1.34.0/417e7f7e88376fbca6073264da97d201611acf1f/google-http-client-jackson2-1.34.0.jar, file:/C:/Users/sebas/.gradle/caches/modules-2/files-2.1/com.google.oauth-client/google-oauth-client/1.30.1/5308d9c46802a0d5d82a1a93f7cec35334bc0d91/google-oauth-client-1.30.1.jar, file:/C:/Users/sebas/.gradle/caches/modules-2/files-2.1/com.google.http-client/google-http-client/1.34.0/263190d4ea87727af0d632d40ee4dc40716b1597/google-http-client-1.34.0.jar, file:/C:/Users/sebas/.gradle/caches/modules-2/files-2.1/io.opencensus/opencensus-contrib-http-util/0.24.0/6d96406c272d884038eb63b262458df75b5445/opencensus-contrib-http-util-0.24.0.jar, file:/C:/Users/sebas/.gradle/caches/modules-2/files-2.1/com.google.guava/guava/25.0-jre/7319c34fa5866a85b6bad445adad69d402323129/guava-25.0-jre.jar, file:/C:/Users/sebas/.gradle/caches/modules-2/files-2.1/org.apache.commons/commons-exec/1.3/8dfb9facd0830a27b1b5f29f84593f0aeee7773b/commons-exec-1.3.jar, file:/C:/Users/sebas/.gradle/caches/modules-2/files-2.1/org.mockito/mockito-core/2.7.22/fcf63bc8010ca77991e3cadd8d33ad1a40603404/mockito-core-2.7.22.jar, file:/C:/Users/sebas/.gradle/caches/modules-2/files-2.1/org.hibernate/hibernate-core/5.3.10.Final/e608b854325005edbf43cb2b6041fdafd3f2eb57/hibernate-core-5.3.10.Final.jar, file:/C:/Users/sebas/.gradle/caches/modules-2/files-2.1/net.bytebuddy/byte-buddy/1.8.15/cb36fe3c70ead5fcd016856a7efff908402d86b8/byte-buddy-1.8.15.jar, file:/C:/Users/sebas/.gradle/caches/modules-2/files-2.1/mysql/mysql-connector-java/8.0.16/6088b7a25188ab4b3ab865422a8ec77ade29236/mysql-connector-java-8.0.16.jar, file:/C:/Users/sebas/.gradle/caches/modules-2/files-2.1/org.junit.jupiter/junit-jupiter-api/5.6.2/c9ba885abfe975cda123bf6f8f0a69a1b46956d0/junit-jupiter-api-5.6.2.jar, file:/C:/Users/sebas/.gradle/caches/modules-2/files-2.1/io.cucumber/cucumber-java/5.6.0/ac08797d3f9483278e9c9c02520e085e8b590f7b/cucumber-java-5.6.0.jar, file:/C:/Users/sebas/.gradle/caches/modules-2/files-2.1/io.cucumber/cucumber-junit/5.6.0/956380fbcb9c1512985dde3032a7f08038528ed0/cucumber-junit-5.6.0.jar, file:/C:/Users/sebas/.gradle/caches/modules-2/files-2.1/net.sourceforge.cobertura/cobertura/2.1.1/eab984794b3f7d0d37736a9e5b7f790128f611b5/cobertura-2.1.1.jar, file:/C:/Users/sebas/.gradle/caches/modules-2/files-2.1/com.github.jnr/jnr-unixsocket/0.30/98b08969f6129188ac60048c0a2512da6c9a695b/jnr-unixsocket-0.30.jar, file:/C:/Users/sebas/.gradle/caches/modules-2/files-2.1/org.ow2.asm/asm-util/8.0.1/a8f978fbad00c565210bebedb28e5d6f73327134/asm-util-8.0.1.jar, file:/C:/Users/sebas/.gradle/caches/modules-2/files-2.1/com.fasterxml.jackson.datatype/jackson-datatype-jdk8/2.9.8/bcd02aa9195390e23747ed40bf76be869ad3a2fb/jackson-datatype-jdk8-2.9.8.jar, file:/C:/Users/sebas/.gradle/caches/modules-2/files-2.1/com.fasterxml.jackson.datatype/jackson-datatype-jsr310/2.9.8/28ad1bced632ba338e51c825a652f6e11a8e6eac/jackson-datatype-jsr310-2.9.8.jar, file:/C:/Users/sebas/.gradle/caches/modules-2/files-2.1/com.fasterxml.jackson.module/jackson-module-parameter-names/2.9.8/c4eef0e6e20d60fb27af4bc4770dba7bcc3f6de6/jackson-module-parameter-names-2.9.8.jar, file:/C:/Users/sebas/.gradle/caches/modules-2/files-2.1/com.fasterxml.jackson.core/jackson-databind/2.9.8/11283f21cc480aa86c4df7a0a3243ec508372ed2/jackson-databind-2.9.8.jar, file:/C:/Users/sebas/.gradle/caches/modules-2/files-2.1/org.springframework/spring-aop/5.1.7.RELEASE/8138b5e3dd01d514741de35d7f5050599c617509/spring-aop-5.1.7.RELEASE.jar, file:/C:/Users/sebas/.gradle/caches/modules-2/files-2.1/org.springframework/spring-web/5.1.7.RELEASE/595dd528ec66eccc6cf4375ea3b56f3605fa1d1f/spring-web-5.1.7.RELEASE.jar, file:/C:/Users/sebas/.gradle/caches/modules-2/files-2.1/org.springframework/spring-orm/5.1.7.RELEASE/1e532795f730814b07961fbf5f14e14bd2507fcd/spring-orm-5.1.7.RELEASE.jar, file:/C:/Users/sebas/.gradle/caches/modules-2/files-2.1/org.springframework/spring-jdbc/5.1.7.RELEASE/d00069664e066c4021fa3de167ad755e4148f340/spring-jdbc-5.1.7.RELEASE.jar, file:/C:/Users/sebas/.gradle/caches/modules-2/files-2.1/org.springframework.data/spring-data-commons/2.1.8.RELEASE/d68b9a9850ee21319469c40bdbdfe4eaaf29557/spring-data-commons-2.1.8.RELEASE.jar, file:/C:/Users/sebas/.gradle/caches/modules-2/files-2.1/org.springframework/spring-tx/5.1.7.RELEASE/d437d5d353312d94206b469b43e203eba1bdcec6/spring-tx-5.1.7.RELEASE.jar, file:/C:/Users/sebas/.gradle/caches/modules-2/files-2.1/org.springframework/spring-beans/5.1.7.RELEASE/14cd651e4aa3514e75710c9450c7a0c89413e63f/spring-beans-5.1.7.RELEASE.jar, file:/C:/Users/sebas/.gradle/caches/modules-2/files-2.1/org.springframework/spring-test/5.1.7.RELEASE/936c1a9ce4ba45889cf66be9276dabe5e4068a58/spring-test-5.1.7.RELEASE.jar, file:/C:/Users/sebas/.gradle/caches/modules-2/files-2.1/org.springframework/spring-expression/5.1.7.RELEASE/7b47446553c83a5a7323d647f5c1793106b2948c/spring-expression-5.1.7.RELEASE.jar, file:/C:/Users/sebas/.gradle/caches/modules-2/files-2.1/org.springframework/spring-core/5.1.7.RELEASE/280f821b9ed4dad9993f1d551d6e86557092ae58/spring-core-5.1.7.RELEASE.jar, file:/C:/Users/sebas/.gradle/caches/modules-2/files-2.1/org.seleniumhq.selenium/selenium-json/4.0.0-alpha-3/17afddd52d686a8b3620083e3f5ae209602c2da9/selenium-json-4.0.0-alpha-3.jar, file:/C:/Users/sebas/.gradle/caches/modules-2/files-2.1/org.seleniumhq.selenium/selenium-api/3.14.0/73e6db9b3cdc42966679a2112bfde9efbef16223/selenium-api-3.14.0.jar, file:/C:/Users/sebas/.gradle/caches/modules-2/files-2.1/com.beust/jcommander/1.72/6375e521c1e11d6563d4f25a07ce124ccf8cd171/jcommander-1.72.jar, file:/C:/Users/sebas/.gradle/caches/modules-2/files-2.1/net.sourceforge.htmlunit/htmlunit/2.33/9c84a0db5c8dac8adfd3d9af8b6f671fb5bfe652/htmlunit-2.33.jar, file:/C:/Users/sebas/.gradle/caches/modules-2/files-2.1/org.apache.commons/commons-text/1.4/680b74de9c393bbf8d9e951af301659b16845907/commons-text-1.4.jar, file:/C:/Users/sebas/.gradle/caches/modules-2/files-2.1/org.apache.commons/commons-lang3/3.8.1/6505a72a097d9270f7a9e7bf42c4238283247755/commons-lang3-3.8.1.jar, file:/C:/Users/sebas/.gradle/caches/modules-2/files-2.1/org.apache.httpcomponents/httpmime/4.5.8/f5bd81aa5b2d091398199e6ee234bf7094889f1d/httpmime-4.5.8.jar, file:/C:/Users/sebas/.gradle/caches/modules-2/files-2.1/org.apache.httpcomponents/httpclient/4.5.8/c27c9d6f15435dc2b6947112027b418b0eef32b9/httpclient-4.5.8.jar, file:/C:/Users/sebas/.gradle/caches/modules-2/files-2.1/commons-codec/commons-codec/1.11/3acb4705652e16236558f0f4f2192cc33c3bd189/commons-codec-1.11.jar, file:/C:/Users/sebas/.gradle/caches/modules-2/files-2.1/commons-io/commons-io/2.6/815893df5f31da2ece4040fe0a12fd44b577afaf/commons-io-2.6.jar, file:/C:/Users/sebas/.gradle/caches/modules-2/files-2.1/commons-logging/commons-logging/1.2/4bfc12adfe4842bf07b657f0369c4cb522955686/commons-logging-1.2.jar, file:/C:/Users/sebas/.gradle/caches/modules-2/files-2.1/commons-net/commons-net/3.6/b71de00508dcb078d2b24b5fa7e538636de9b3da/commons-net-3.6.jar, file:/C:/Users/sebas/.gradle/caches/modules-2/files-2.1/net.sourceforge.cssparser/cssparser/0.9.24/539eeb759666289fe5506222dbef25de956f6fa0/cssparser-0.9.24.jar, file:/C:/Users/sebas/.gradle/caches/modules-2/files-2.1/org.w3c.css/sac/1.3/cdb2dcb4e22b83d6b32b93095f644c3462739e82/sac-1.3.jar, file:/C:/Users/sebas/.gradle/caches/modules-2/files-2.1/com.google.code.gson/gson/2.8.5/f645ed69d595b24d4cf8b3fbb64cc505bede8829/gson-2.8.5.jar, file:/C:/Users/sebas/.gradle/caches/modules-2/files-2.1/net.sourceforge.htmlunit/htmlunit-core-js/2.33/3a5a81ed89551aee471c5cd072c54efdb8b43939/htmlunit-core-js-2.33.jar, file:/C:/Users/sebas/.gradle/caches/modules-2/files-2.1/net.sourceforge.htmlunit/neko-htmlunit/2.33/51d0a7d6c9dbc4d26a3fb927f158ec32f329924/neko-htmlunit-2.33.jar, file:/C:/Users/sebas/.gradle/caches/modules-2/files-2.1/org.apache.httpcomponents/httpcore/4.4.11/de748cf874e4e193b42eceea9fe5574fabb9d4df/httpcore-4.4.11.jar, file:/C:/Users/sebas/.gradle/caches/modules-2/files-2.1/net.jcip/jcip-annotations/1.0/afba4942caaeaf46aab0b976afd57cc7c181467e/jcip-annotations-1.0.jar, file:/C:/Users/sebas/.gradle/caches/modules-2/files-2.1/org.seleniumhq.selenium/jetty-repacked/9.4.7.v20171121/720617da559a4fd8a92658cf47cd43852055d8f9/jetty-repacked-9.4.7.v20171121.jar, file:/C:/Users/sebas/.gradle/caches/modules-2/files-2.1/org.eclipse.jetty.websocket/websocket-client/9.4.18.v20190429/74e06da00ca2489049144a03122c8eb0c26ce4c8/websocket-client-9.4.18.v20190429.jar, file:/C:/Users/sebas/.gradle/caches/modules-2/files-2.1/org.eclipse.jetty/jetty-client/9.4.18.v20190429/e5d7bd53f2f3ae46354efa56beca2dc505258e92/jetty-client-9.4.18.v20190429.jar, file:/C:/Users/sebas/.gradle/caches/modules-2/files-2.1/org.eclipse.jetty/jetty-http/9.4.18.v20190429/c2e73db2db5c369326b717da71b6587b3da11e0e/jetty-http-9.4.18.v20190429.jar, file:/C:/Users/sebas/.gradle/caches/modules-2/files-2.1/org.eclipse.jetty.websocket/websocket-common/9.4.18.v20190429/a79b6a009987e268b396581b13d80460ea201ad7/websocket-common-9.4.18.v20190429.jar, file:/C:/Users/sebas/.gradle/caches/modules-2/files-2.1/org.eclipse.jetty/jetty-io/9.4.18.v20190429/844af5efe58ab23fd0166a796efef123f4cb06b0/jetty-io-9.4.18.v20190429.jar, file:/C:/Users/sebas/.gradle/caches/modules-2/files-2.1/org.eclipse.jetty/jetty-xml/9.4.18.v20190429/dcd2806ee48e646fd4dcff81c7c6867fea2b52e8/jetty-xml-9.4.18.v20190429.jar, file:/C:/Users/sebas/.gradle/caches/modules-2/files-2.1/org.eclipse.jetty/jetty-util/9.4.18.v20190429/13e6148bfda7ae511f69ae7e5e3ea898bc9b0e33/jetty-util-9.4.18.v20190429.jar, file:/C:/Users/sebas/.gradle/caches/modules-2/files-2.1/javax.servlet/javax.servlet-api/4.0.1/a27082684a2ff0bf397666c3943496c44541d1ca/javax.servlet-api-4.0.1.jar, file:/C:/Users/sebas/.gradle/caches/modules-2/files-2.1/org.eclipse.jetty.websocket/websocket-api/9.4.18.v20190429/5d3a31018c8f7e892d2630cc2eca0c0949ebb110/websocket-api-9.4.18.v20190429.jar, file:/C:/Users/sebas/.gradle/caches/modules-2/files-2.1/xalan/xalan/2.7.2/d55d3f02a56ec4c25695fe67e1334ff8c2ecea23/xalan-2.7.2.jar, file:/C:/Users/sebas/.gradle/caches/modules-2/files-2.1/xalan/serializer/2.7.2/24247f3bb052ee068971393bdb83e04512bb1c3c/serializer-2.7.2.jar, file:/C:/Users/sebas/.gradle/caches/modules-2/files-2.1/xerces/xercesImpl/2.12.0/f02c844149fd306601f20e0b34853a670bef7fa2/xercesImpl-2.12.0.jar, file:/C:/Users/sebas/.gradle/caches/modules-2/files-2.1/xml-apis/xml-apis/1.4.01/3789d9fada2d3d458c4ba2de349d48780f381ee3/xml-apis-1.4.01.jar, file:/C:/Users/sebas/.gradle/caches/modules-2/files-2.1/org.yaml/snakeyaml/1.23/ec62d74fe50689c28c0ff5b35d3aebcaa8b5be68/snakeyaml-1.23.jar, file:/C:/Users/sebas/.gradle/caches/modules-2/files-2.1/com.google.code.findbugs/jsr305/3.0.2/25ea2e8b0c338a877313bd4672d3fe056ea78f0d/jsr305-3.0.2.jar, file:/C:/Users/sebas/.gradle/caches/modules-2/files-2.1/org.checkerframework/checker-compat-qual/2.0.0/fc89b03860d11d6213d0154a62bcd1c2f69b9efa/checker-compat-qual-2.0.0.jar, file:/C:/Users/sebas/.gradle/caches/modules-2/files-2.1/com.google.errorprone/error_prone_annotations/2.1.3/39b109f2cd352b2d71b52a3b5a1a9850e1dc304b/error_prone_annotations-2.1.3.jar, file:/C:/Users/sebas/.gradle/caches/modules-2/files-2.1/com.google.j2objc/j2objc-annotations/1.3/ba035118bc8bac37d7eff77700720999acd9986d/j2objc-annotations-1.3.jar, file:/C:/Users/sebas/.gradle/caches/modules-2/files-2.1/org.codehaus.mojo/animal-sniffer-annotations/1.14/775b7e22fb10026eed3f86e8dc556dfafe35f2d5/animal-sniffer-annotations-1.14.jar, file:/C:/Users/sebas/.gradle/caches/modules-2/files-2.1/javax.transaction/javax.transaction-api/1.3/e006adf5cf3cca2181d16bd640ecb80148ec0fce/javax.transaction-api-1.3.jar, file:/C:/Users/sebas/.gradle/caches/modules-2/files-2.1/javax.xml.bind/jaxb-api/2.3.1/8531ad5ac454cc2deb9d4d32c40c4d7451939b5d/jaxb-api-2.3.1.jar, file:/C:/Users/sebas/.gradle/caches/modules-2/files-2.1/org.springframework/spring-aspects/5.1.7.RELEASE/15309277b9a18c8dae21272be3e57b69a67c41f6/spring-aspects-5.1.7.RELEASE.jar, file:/C:/Users/sebas/.gradle/caches/modules-2/files-2.1/org.springframework.boot/spring-boot-starter-tomcat/2.1.5.RELEASE/49de1c20ea6b8c6920d0a66329f9bf980e4498eb/spring-boot-starter-tomcat-2.1.5.RELEASE.jar, file:/C:/Users/sebas/.gradle/caches/modules-2/files-2.1/org.hibernate.validator/hibernate-validator/6.0.16.Final/ad9557c558972093c0567a2a1f224f318c00f650/hibernate-validator-6.0.16.Final.jar, file:/C:/Users/sebas/.gradle/caches/modules-2/files-2.1/org.junit.platform/junit-platform-commons/1.3.2/378d1d1b162426ad031522f6d51e3bf28d1631a4/junit-platform-commons-1.3.2.jar, file:/C:/Users/sebas/.gradle/caches/modules-2/files-2.1/io.cucumber/cucumber-core/5.6.0/3832ddbd0dd6d8f8513f10d57db728acd8bbc0d4/cucumber-core-5.6.0.jar, file:/C:/Users/sebas/.gradle/caches/modules-2/files-2.1/io.cucumber/cucumber-expressions/8.3.1/5d885415d050be6cd197afa726a4a4733cb50a75/cucumber-expressions-8.3.1.jar, file:/C:/Users/sebas/.gradle/caches/modules-2/files-2.1/io.cucumber/datatable/3.3.1/42f416daccc2af23581cd51f0289f7d972c8a0bd/datatable-3.3.1.jar, file:/C:/Users/sebas/.gradle/caches/modules-2/files-2.1/io.cucumber/cucumber-gherkin-vintage/5.6.0/5df7a6be1f3732638cbdb9dab1dc0fb0c2d24390/cucumber-gherkin-vintage-5.6.0.jar, file:/C:/Users/sebas/.gradle/caches/modules-2/files-2.1/io.cucumber/cucumber-gherkin/5.6.0/aced996a3703f318a00a0232ecb641e52c616918/cucumber-gherkin-5.6.0.jar, file:/C:/Users/sebas/.gradle/caches/modules-2/files-2.1/io.cucumber/cucumber-plugin/5.6.0/ed2fa90ab018faeb8dce6a2302183cab402d15ca/cucumber-plugin-5.6.0.jar, file:/C:/Users/sebas/.gradle/caches/modules-2/files-2.1/io.cucumber/docstring/5.6.0/a5785353786cad1617b20569431d8babffedf6a0/docstring-5.6.0.jar, file:/C:/Users/sebas/.gradle/caches/modules-2/files-2.1/org.apiguardian/apiguardian-api/1.1.0/fc9dff4bb36d627bdc553de77e1f17efd790876c/apiguardian-api-1.1.0.jar, file:/C:/Users/sebas/.gradle/caches/modules-2/files-2.1/org.opentest4j/opentest4j/1.2.0/28c11eb91f9b6d8e200631d46e20a7f407f2a046/opentest4j-1.2.0.jar, file:/C:/Users/sebas/.gradle/caches/modules-2/files-2.1/net.bytebuddy/byte-buddy-agent/1.9.12/e00a8edb67b99217cab8ade01f1f1183c15d669e/byte-buddy-agent-1.9.12.jar, file:/C:/Users/sebas/.gradle/caches/modules-2/files-2.1/org.objenesis/objenesis/2.5/612ecb799912ccf77cba9b3ed8c813da086076e9/objenesis-2.5.jar, file:/C:/Users/sebas/.gradle/caches/modules-2/files-2.1/org.apache.ant/ant-junit/1.8.3/9f77eec4e103241602fb0cdd97b3ec3237e0bd9/ant-junit-1.8.3.jar, file:/C:/Users/sebas/.gradle/caches/modules-2/files-2.1/junit/junit/4.12/2973d150c0dc1fefe998f834810d68f278ea58ec/junit-4.12.jar, file:/C:/Users/sebas/.gradle/caches/modules-2/files-2.1/com.github.jnr/jnr-enxio/0.26/4aa7d87a343964f7cf5fa0cf75cfd275900868/jnr-enxio-0.26.jar, file:/C:/Users/sebas/.gradle/caches/modules-2/files-2.1/com.github.jnr/jnr-posix/3.0.55/bc896394df5640131bf3992c9322eba772556e1a/jnr-posix-3.0.55.jar, file:/C:/Users/sebas/.gradle/caches/modules-2/files-2.1/com.github.jnr/jnr-ffi/2.1.13/238855ae79fa9bbbb4804103ee691aadb333c8cf/jnr-ffi-2.1.13.jar, file:/C:/Users/sebas/.gradle/caches/modules-2/files-2.1/org.ow2.asm/asm-commons/7.1/431dc677cf5c56660c1c9004870de1ed1ea7ce6c/asm-commons-7.1.jar, file:/C:/Users/sebas/.gradle/caches/modules-2/files-2.1/org.ow2.asm/asm-analysis/8.0.1/6c2c7b3006b3a54dd63467a020263c0756fd5e80/asm-analysis-8.0.1.jar, file:/C:/Users/sebas/.gradle/caches/modules-2/files-2.1/org.ow2.asm/asm-tree/8.0.1/dfcad5abbcff36f8bdad5647fe6f4972e958ad59/asm-tree-8.0.1.jar, file:/C:/Users/sebas/.gradle/caches/modules-2/files-2.1/com.jayway.jsonpath/json-path/2.4.0/765a4401ceb2dc8d40553c2075eb80a8fa35c2ae/json-path-2.4.0.jar, file:/C:/Users/sebas/.gradle/caches/modules-2/files-2.1/net.minidev/json-smart/2.3/7396407491352ce4fa30de92efb158adb76b5b/json-smart-2.3.jar, file:/C:/Users/sebas/.gradle/caches/modules-2/files-2.1/net.minidev/accessors-smart/1.2/c592b500269bfde36096641b01238a8350f8aa31/accessors-smart-1.2.jar, file:/C:/Users/sebas/.gradle/caches/modules-2/files-2.1/org.ow2.asm/asm/8.0.1/3f5199523fb95304b44563f5d56d9f5a07270669/asm-8.0.1.jar, file:/C:/Users/sebas/.gradle/caches/modules-2/files-2.1/oro/oro/2.0.8/5592374f834645c4ae250f4c9fbb314c9369d698/oro-2.0.8.jar, file:/C:/Users/sebas/.gradle/caches/modules-2/files-2.1/jaxen/jaxen/1.1.6/3f8c36d9a0578e8e98f030c662b69888b1430ac0/jaxen-1.1.6.jar, file:/C:/Users/sebas/.gradle/caches/modules-2/files-2.1/org.apache.ant/ant/1.8.3/77c746ecab048b9839c7a8e39e55fe8636c5b11/ant-1.8.3.jar, file:/C:/Users/sebas/.gradle/caches/modules-2/files-2.1/org.mortbay.jetty/jetty/6.1.14/5ded67b609e59c27e82ff61b510773d28c9bef56/jetty-6.1.14.jar, file:/C:/Users/sebas/.gradle/caches/modules-2/files-2.1/org.mortbay.jetty/servlet-api-2.5/6.1.14/5f07601ab7d7c85dd9e38a17c0e1b0edfbd4a191/servlet-api-2.5-6.1.14.jar, file:/C:/Users/sebas/.gradle/caches/modules-2/files-2.1/org.mortbay.jetty/jetty-util/6.1.14/1b707d5884e35c9b97114a24aa9ee94ca531fa21/jetty-util-6.1.14.jar, file:/C:/Users/sebas/.gradle/caches/modules-2/files-2.1/org.springframework.boot/spring-boot-starter-logging/2.1.5.RELEASE/b4fe11fb0e606b67b9fb2bd9ae4fe65b484445dd/spring-boot-starter-logging-2.1.5.RELEASE.jar, file:/C:/Users/sebas/.gradle/caches/modules-2/files-2.1/ch.qos.logback/logback-classic/1.2.3/7c4f3c474fb2c041d8028740440937705ebb473a/logback-classic-1.2.3.jar, file:/C:/Users/sebas/.gradle/caches/modules-2/files-2.1/com.zaxxer/HikariCP/3.2.0/6c66db1c636ee90beb4c65fe34abd8ba9396bca6/HikariCP-3.2.0.jar, file:/C:/Users/sebas/.gradle/caches/modules-2/files-2.1/org.apache.logging.log4j/log4j-to-slf4j/2.11.2/6d37bf7b046c0ce2669f26b99365a2cfa45c4c18/log4j-to-slf4j-2.11.2.jar, file:/C:/Users/sebas/.gradle/caches/modules-2/files-2.1/org.slf4j/jul-to-slf4j/1.7.26/8031352b2bb0a49e67818bf04c027aa92e645d5c/jul-to-slf4j-1.7.26.jar, file:/C:/Users/sebas/.gradle/caches/modules-2/files-2.1/org.slf4j/slf4j-api/1.7.26/77100a62c2e6f04b53977b9f541044d7d722693d/slf4j-api-1.7.26.jar, file:/C:/Users/sebas/.gradle/caches/modules-2/files-2.1/org.assertj/assertj-core/3.11.1/fdac3217b804d6900fa3650f17b5cb48e620b140/assertj-core-3.11.1.jar, file:/C:/Users/sebas/.gradle/caches/modules-2/files-2.1/org.hamcrest/hamcrest-library/1.3/4785a3c21320980282f9f33d0d1264a69040538f/hamcrest-library-1.3.jar, file:/C:/Users/sebas/.gradle/caches/modules-2/files-2.1/org.hamcrest/hamcrest-core/1.3/42a25dc3219429f0e5d060061f71acb49bf010a0/hamcrest-core-1.3.jar, file:/C:/Users/sebas/.gradle/caches/modules-2/files-2.1/org.skyscreamer/jsonassert/1.5.0/6c9d5fe2f59da598d9aefc1cfc6528ff3cf32df3/jsonassert-1.5.0.jar, file:/C:/Users/sebas/.gradle/caches/modules-2/files-2.1/org.xmlunit/xmlunit-core/2.6.2/b0461888cdd8d3975ea8a57df96520409cadcb6c/xmlunit-core-2.6.2.jar, file:/C:/Users/sebas/.gradle/caches/modules-2/files-2.1/com.github.jnr/jnr-constants/0.9.15/755a72c18be533af46337776eb4285b1aa45f229/jnr-constants-0.9.15.jar, file:/C:/Users/sebas/.gradle/caches/modules-2/files-2.1/com.fasterxml.jackson.core/jackson-annotations/2.9.0/7c10d545325e3a6e72e06381afe469fd40eb701/jackson-annotations-2.9.0.jar, file:/C:/Users/sebas/.gradle/caches/modules-2/files-2.1/com.fasterxml.jackson.core/jackson-core/2.9.8/f5a654e4675769c716e5b387830d19b501ca191/jackson-core-2.9.8.jar, file:/C:/Users/sebas/.gradle/caches/modules-2/files-2.1/org.springframework/spring-jcl/5.1.7.RELEASE/6b14bfb9ae41ca1bc604fe2e78f4a6efa3d67002/spring-jcl-5.1.7.RELEASE.jar, file:/C:/Users/sebas/.gradle/caches/modules-2/files-2.1/net.sourceforge.htmlunit/htmlunit-cssparser/1.2.0/ffd4183dd840ab2ab7e279ca0ad12743966d3df/htmlunit-cssparser-1.2.0.jar, file:/C:/Users/sebas/.gradle/caches/modules-2/files-2.1/org.aspectj/aspectjweaver/1.9.4/9205229878f3d62fbd3a32a0fb6be2d6ad8589a9/aspectjweaver-1.9.4.jar, file:/C:/Users/sebas/.gradle/caches/modules-2/files-2.1/javax.activation/javax.activation-api/1.2.0/85262acf3ca9816f9537ca47d5adeabaead7cb16/javax.activation-api-1.2.0.jar, file:/C:/Users/sebas/.gradle/caches/modules-2/files-2.1/org.hibernate.common/hibernate-commons-annotations/5.0.4.Final/965a18fdf939ee75e41f7918532d37b3a8350535/hibernate-commons-annotations-5.0.4.Final.jar, file:/C:/Users/sebas/.gradle/caches/modules-2/files-2.1/org.jboss.logging/jboss-logging/3.3.2.Final/3789d00e859632e6c6206adc0c71625559e6e3b0/jboss-logging-3.3.2.Final.jar, file:/C:/Users/sebas/.gradle/caches/modules-2/files-2.1/javax.persistence/javax.persistence-api/2.2/25665ac8c0b62f50e6488173233239120fc52c96/javax.persistence-api-2.2.jar, file:/C:/Users/sebas/.gradle/caches/modules-2/files-2.1/org.javassist/javassist/3.23.2-GA/c5afe660a95e87ceb518e4f5cf02f5c56b547683/javassist-3.23.2-GA.jar, file:/C:/Users/sebas/.gradle/caches/modules-2/files-2.1/antlr/antlr/2.7.7/83cd2cd674a217ade95a4bb83a8a14f351f48bd0/antlr-2.7.7.jar, file:/C:/Users/sebas/.gradle/caches/modules-2/files-2.1/org.jboss/jandex/2.0.5.Final/7060f67764565b9ee9d467e3ed0cb8a9c601b23a/jandex-2.0.5.Final.jar, file:/C:/Users/sebas/.gradle/caches/modules-2/files-2.1/com.fasterxml/classmate/1.4.0/291658ac2ce2476256c7115943652c0accb5c857/classmate-1.4.0.jar, file:/C:/Users/sebas/.gradle/caches/modules-2/files-2.1/org.dom4j/dom4j/2.1.1/3dce5dbb3571aa820c677fadd8349bfa8f00c199/dom4j-2.1.1.jar, file:/C:/Users/sebas/.gradle/caches/modules-2/files-2.1/javax.annotation/javax.annotation-api/1.3.2/934c04d3cfef185a8008e7bf34331b79730a9d43/javax.annotation-api-1.3.2.jar, file:/C:/Users/sebas/.gradle/caches/modules-2/files-2.1/org.apache.tomcat.embed/tomcat-embed-websocket/9.0.19/dee79022818f490203f4901f5651f3233aee14db/tomcat-embed-websocket-9.0.19.jar, file:/C:/Users/sebas/.gradle/caches/modules-2/files-2.1/org.apache.tomcat.embed/tomcat-embed-core/9.0.19/56e42e12bf92b713befd0700430f7c5c0af68d49/tomcat-embed-core-9.0.19.jar, file:/C:/Users/sebas/.gradle/caches/modules-2/files-2.1/org.apache.tomcat.embed/tomcat-embed-el/9.0.19/6145f2cd11c7df4ad9463637087c0f7e8e673394/tomcat-embed-el-9.0.19.jar, file:/C:/Users/sebas/.gradle/caches/modules-2/files-2.1/javax.validation/validation-api/2.0.1.Final/cb855558e6271b1b32e716d24cb85c7f583ce09e/validation-api-2.0.1.Final.jar, file:/C:/Users/sebas/.gradle/caches/modules-2/files-2.1/io.cucumber/tag-expressions/2.0.4/b0587c9db1794f90b680b2b422c8df6170b384c1/tag-expressions-2.0.4.jar, file:/C:/Users/sebas/.gradle/caches/modules-2/files-2.1/org.apache.ant/ant-launcher/1.8.3/a22bcf9438c41828b04c13b052c4886606abac2/ant-launcher-1.8.3.jar, file:/C:/Users/sebas/.gradle/caches/modules-2/files-2.1/ch.qos.logback/logback-core/1.2.3/864344400c3d4d92dfeb0a305dc87d953677c03c/logback-core-1.2.3.jar, file:/C:/Users/sebas/.gradle/caches/modules-2/files-2.1/com.vaadin.external.google/android-json/0.0.20131108.vaadin1/fa26d351fe62a6a17f5cda1287c1c6110dec413f/android-json-0.0.20131108.vaadin1.jar, file:/C:/Users/sebas/.gradle/caches/modules-2/files-2.1/com.google.auto.value/auto-value-annotations/1.7/5be124948ebdc7807df68207f35a0f23ce427f29/auto-value-annotations-1.7.jar, file:/C:/Users/sebas/.gradle/caches/modules-2/files-2.1/com.google.auth/google-auth-library-credentials/0.20.0/87a91a373e64ba5c3cdf8cc5cf54b189dd1492f8/google-auth-library-credentials-0.20.0.jar, file:/C:/Users/sebas/.gradle/caches/modules-2/files-2.1/com.github.jnr/jffi/1.2.23/59d5e3e86e2583fba0cf04d4f126a5205a24c4b6/jffi-1.2.23.jar, file:/C:/Users/sebas/.gradle/caches/modules-2/files-2.1/com.github.jnr/jffi/1.2.23/ea93fbd2137c797ed8a686737e8bdfeead20f1b1/jffi-1.2.23-native.jar, file:/C:/Users/sebas/.gradle/caches/modules-2/files-2.1/com.github.jnr/jnr-a64asm/1.0.0/a1cb8dbe71b5a6a0288043c3ba3ca64545be165/jnr-a64asm-1.0.0.jar, file:/C:/Users/sebas/.gradle/caches/modules-2/files-2.1/com.github.jnr/jnr-x86asm/1.0.2/6936bbd6c5b235665d87bd450f5e13b52d4b48/jnr-x86asm-1.0.2.jar, file:/C:/Users/sebas/.gradle/caches/modules-2/files-2.1/io.opencensus/opencensus-api/0.24.0/f974451b19007ce820f433311ce8adb88e2b7d2c/opencensus-api-0.24.0.jar, file:/C:/Users/sebas/.gradle/caches/modules-2/files-2.1/org.apache.logging.log4j/log4j-api/2.11.2/f5e9a2ffca496057d6891a3de65128efc636e26e/log4j-api-2.11.2.jar, file:/C:/Users/sebas/.gradle/caches/modules-2/files-2.1/io.grpc/grpc-context/1.22.1/1a074f9cf6f367b99c25e70dc68589f142f82d11/grpc-context-1.22.1.jar]
[DEBUG] Application failed to start due to an exception
org.springframework.beans.factory.NoSuchBeanDefinitionException: No qualifying bean of type 'com.myorg.ezdeal.repository.AnuncianteRepository' available: expected at least 1 bean which qualifies as autowire candidate. Dependency annotations: {}
	at org.springframework.beans.factory.support.DefaultListableBeanFactory.raiseNoMatchingBeanFound(DefaultListableBeanFactory.java:1655)
	at org.springframework.beans.factory.support.DefaultListableBeanFactory.doResolveDependency(DefaultListableBeanFactory.java:1214)
	at org.springframework.beans.factory.support.DefaultListableBeanFactory.resolveDependency(DefaultListableBeanFactory.java:1168)
	at org.springframework.beans.factory.support.ConstructorResolver.resolveAutowiredArgument(ConstructorResolver.java:857)
	at org.springframework.beans.factory.support.ConstructorResolver.createArgumentArray(ConstructorResolver.java:760)
	at org.springframework.beans.factory.support.ConstructorResolver.autowireConstructor(ConstructorResolver.java:218)
	at org.springframework.beans.factory.support.AbstractAutowireCapableBeanFactory.autowireConstructor(AbstractAutowireCapableBeanFactory.java:1341)
	at org.springframework.beans.factory.support.AbstractAutowireCapableBeanFactory.createBeanInstance(AbstractAutowireCapableBeanFactory.java:1187)
	at org.springframework.beans.factory.support.AbstractAutowireCapableBeanFactory.doCreateBean(AbstractAutowireCapableBeanFactory.java:555)
	at org.springframework.beans.factory.support.AbstractAutowireCapableBeanFactory.createBean(AbstractAutowireCapableBeanFactory.java:515)
	at org.springframework.beans.factory.support.AbstractBeanFactory.lambda$doGetBean$0(AbstractBeanFactory.java:320)
	at org.springframework.beans.factory.support.DefaultSingletonBeanRegistry.getSingleton(DefaultSingletonBeanRegistry.java:222)
	at org.springframework.beans.factory.support.AbstractBeanFactory.doGetBean(AbstractBeanFactory.java:318)
	at org.springframework.beans.factory.support.AbstractBeanFactory.getBean(AbstractBeanFactory.java:199)
	at org.springframework.beans.factory.support.DefaultListableBeanFactory.preInstantiateSingletons(DefaultListableBeanFactory.java:843)
	at org.springframework.context.support.AbstractApplicationContext.finishBeanFactoryInitialization(AbstractApplicationContext.java:877)
	at org.springframework.context.support.AbstractApplicationContext.refresh(AbstractApplicationContext.java:549)
	at org.springframework.boot.SpringApplication.refresh(SpringApplication.java:775)
	at org.springframework.boot.SpringApplication.refreshContext(SpringApplication.java:397)
	at org.springframework.boot.SpringApplication.run(SpringApplication.java:316)
	at org.springframework.boot.test.context.SpringBootContextLoader.loadContext(SpringBootContextLoader.java:127)
	at org.springframework.test.context.cache.DefaultCacheAwareContextLoaderDelegate.loadContextInternal(DefaultCacheAwareContextLoaderDelegate.java:99)
	at org.springframework.test.context.cache.DefaultCacheAwareContextLoaderDelegate.loadContext(DefaultCacheAwareContextLoaderDelegate.java:117)
	at org.springframework.test.context.support.DefaultTestContext.getApplicationContext(DefaultTestContext.java:108)
	at org.springframework.test.context.web.ServletTestExecutionListener.setUpRequestContextIfNecessary(ServletTestExecutionListener.java:190)
	at org.springframework.test.context.web.ServletTestExecutionListener.prepareTestInstance(ServletTestExecutionListener.java:132)
	at org.springframework.test.context.TestContextManager.prepareTestInstance(TestContextManager.java:246)
	at org.springframework.test.context.junit4.SpringJUnit4ClassRunner.createTest(SpringJUnit4ClassRunner.java:227)
	at org.springframework.test.context.junit4.SpringJUnit4ClassRunner$1.runReflectiveCall(SpringJUnit4ClassRunner.java:289)
	at org.junit.internal.runners.model.ReflectiveCallable.run(ReflectiveCallable.java:12)
	at org.springframework.test.context.junit4.SpringJUnit4ClassRunner.methodBlock(SpringJUnit4ClassRunner.java:291)
	at org.springframework.test.context.junit4.SpringJUnit4ClassRunner.runChild(SpringJUnit4ClassRunner.java:246)
	at org.springframework.test.context.junit4.SpringJUnit4ClassRunner.runChild(SpringJUnit4ClassRunner.java:97)
	at org.junit.runners.ParentRunner$3.run(ParentRunner.java:290)
	at org.junit.runners.ParentRunner$1.schedule(ParentRunner.java:71)
	at org.junit.runners.ParentRunner.runChildren(ParentRunner.java:288)
	at org.junit.runners.ParentRunner.access$000(ParentRunner.java:58)
	at org.junit.runners.ParentRunner$2.evaluate(ParentRunner.java:268)
	at org.springframework.test.context.junit4.statements.RunBeforeTestClassCallbacks.evaluate(RunBeforeTestClassCallbacks.java:61)
	at org.springframework.test.context.junit4.statements.RunAfterTestClassCallbacks.evaluate(RunAfterTestClassCallbacks.java:70)
	at org.junit.runners.ParentRunner.run(ParentRunner.java:363)
	at org.springframework.test.context.junit4.SpringJUnit4ClassRunner.run(SpringJUnit4ClassRunner.java:190)
	at org.gradle.api.internal.tasks.testing.junit.JUnitTestClassExecutor.runTestClass(JUnitTestClassExecutor.java:106)
	at org.gradle.api.internal.tasks.testing.junit.JUnitTestClassExecutor.execute(JUnitTestClassExecutor.java:58)
	at org.gradle.api.internal.tasks.testing.junit.JUnitTestClassExecutor.execute(JUnitTestClassExecutor.java:38)
	at org.gradle.api.internal.tasks.testing.junit.AbstractJUnitTestClassProcessor.processTestClass(AbstractJUnitTestClassProcessor.java:66)
	at org.gradle.api.internal.tasks.testing.SuiteTestClassProcessor.processTestClass(SuiteTestClassProcessor.java:51)
	at sun.reflect.NativeMethodAccessorImpl.invoke0(Native Method)
	at sun.reflect.NativeMethodAccessorImpl.invoke(NativeMethodAccessorImpl.java:62)
	at sun.reflect.DelegatingMethodAccessorImpl.invoke(DelegatingMethodAccessorImpl.java:43)
	at java.lang.reflect.Method.invoke(Method.java:498)
	at org.gradle.internal.dispatch.ReflectionDispatch.dispatch(ReflectionDispatch.java:35)
	at org.gradle.internal.dispatch.ReflectionDispatch.dispatch(ReflectionDispatch.java:24)
	at org.gradle.internal.dispatch.ContextClassLoaderDispatch.dispatch(ContextClassLoaderDispatch.java:32)
	at org.gradle.internal.dispatch.ProxyDispatchAdapter$DispatchingInvocationHandler.invoke(ProxyDispatchAdapter.java:93)
	at com.sun.proxy.$Proxy2.processTestClass(Unknown Source)
	at org.gradle.api.internal.tasks.testing.worker.TestWorker.processTestClass(TestWorker.java:117)
	at sun.reflect.NativeMethodAccessorImpl.invoke0(Native Method)
	at sun.reflect.NativeMethodAccessorImpl.invoke(NativeMethodAccessorImpl.java:62)
	at sun.reflect.DelegatingMethodAccessorImpl.invoke(DelegatingMethodAccessorImpl.java:43)
	at java.lang.reflect.Method.invoke(Method.java:498)
	at org.gradle.internal.dispatch.ReflectionDispatch.dispatch(ReflectionDispatch.java:35)
	at org.gradle.internal.dispatch.ReflectionDispatch.dispatch(ReflectionDispatch.java:24)
	at org.gradle.internal.remote.internal.hub.MessageHubBackedObjectConnection$DispatchWrapper.dispatch(MessageHubBackedObjectConnection.java:155)
	at org.gradle.internal.remote.internal.hub.MessageHubBackedObjectConnection$DispatchWrapper.dispatch(MessageHubBackedObjectConnection.java:137)
	at org.gradle.internal.remote.internal.hub.MessageHub$Handler.run(MessageHub.java:404)
	at org.gradle.internal.concurrent.ExecutorPolicy$CatchAndRecordFailures.onExecute(ExecutorPolicy.java:63)
	at org.gradle.internal.concurrent.ManagedExecutorImpl$1.run(ManagedExecutorImpl.java:46)
	at java.util.concurrent.ThreadPoolExecutor.runWorker(ThreadPoolExecutor.java:1149)
	at java.util.concurrent.ThreadPoolExecutor$Worker.run(ThreadPoolExecutor.java:624)
	at org.gradle.internal.concurrent.ThreadFactoryImpl$ManagedThreadRunnable.run(ThreadFactoryImpl.java:55)
	at java.lang.Thread.run(Thread.java:748)
[ERROR] 

***************************
APPLICATION FAILED TO START
***************************

Description:

Parameter 1 of constructor in com.myorg.ezdeal.service.implementation.UsuarioServiceImpl required a bean of type 'com.myorg.ezdeal.repository.AnuncianteRepository' that could not be found.


Action:

Consider defining a bean of type 'com.myorg.ezdeal.repository.AnuncianteRepository' in your configuration.

[ERROR] Caught exception while allowing TestExecutionListener [org.springframework.test.context.web.ServletTestExecutionListener@3579d9e8] to prepare test instance [com.myorg.ezdeal.UsuarioServiceImplTest@7b67f9e8]
java.lang.IllegalStateException: Failed to load ApplicationContext
	at org.springframework.test.context.cache.DefaultCacheAwareContextLoaderDelegate.loadContext(DefaultCacheAwareContextLoaderDelegate.java:125)
	at org.springframework.test.context.support.DefaultTestContext.getApplicationContext(DefaultTestContext.java:108)
	at org.springframework.test.context.web.ServletTestExecutionListener.setUpRequestContextIfNecessary(ServletTestExecutionListener.java:190)
	at org.springframework.test.context.web.ServletTestExecutionListener.prepareTestInstance(ServletTestExecutionListener.java:132)
	at org.springframework.test.context.TestContextManager.prepareTestInstance(TestContextManager.java:246)
	at org.springframework.test.context.junit4.SpringJUnit4ClassRunner.createTest(SpringJUnit4ClassRunner.java:227)
	at org.springframework.test.context.junit4.SpringJUnit4ClassRunner$1.runReflectiveCall(SpringJUnit4ClassRunner.java:289)
	at org.junit.internal.runners.model.ReflectiveCallable.run(ReflectiveCallable.java:12)
	at org.springframework.test.context.junit4.SpringJUnit4ClassRunner.methodBlock(SpringJUnit4ClassRunner.java:291)
	at org.springframework.test.context.junit4.SpringJUnit4ClassRunner.runChild(SpringJUnit4ClassRunner.java:246)
	at org.springframework.test.context.junit4.SpringJUnit4ClassRunner.runChild(SpringJUnit4ClassRunner.java:97)
	at org.junit.runners.ParentRunner$3.run(ParentRunner.java:290)
	at org.junit.runners.ParentRunner$1.schedule(ParentRunner.java:71)
	at org.junit.runners.ParentRunner.runChildren(ParentRunner.java:288)
	at org.junit.runners.ParentRunner.access$000(ParentRunner.java:58)
	at org.junit.runners.ParentRunner$2.evaluate(ParentRunner.java:268)
	at org.springframework.test.context.junit4.statements.RunBeforeTestClassCallbacks.evaluate(RunBeforeTestClassCallbacks.java:61)
	at org.springframework.test.context.junit4.statements.RunAfterTestClassCallbacks.evaluate(RunAfterTestClassCallbacks.java:70)
	at org.junit.runners.ParentRunner.run(ParentRunner.java:363)
	at org.springframework.test.context.junit4.SpringJUnit4ClassRunner.run(SpringJUnit4ClassRunner.java:190)
	at org.gradle.api.internal.tasks.testing.junit.JUnitTestClassExecutor.runTestClass(JUnitTestClassExecutor.java:106)
	at org.gradle.api.internal.tasks.testing.junit.JUnitTestClassExecutor.execute(JUnitTestClassExecutor.java:58)
	at org.gradle.api.internal.tasks.testing.junit.JUnitTestClassExecutor.execute(JUnitTestClassExecutor.java:38)
	at org.gradle.api.internal.tasks.testing.junit.AbstractJUnitTestClassProcessor.processTestClass(AbstractJUnitTestClassProcessor.java:66)
	at org.gradle.api.internal.tasks.testing.SuiteTestClassProcessor.processTestClass(SuiteTestClassProcessor.java:51)
	at sun.reflect.NativeMethodAccessorImpl.invoke0(Native Method)
	at sun.reflect.NativeMethodAccessorImpl.invoke(NativeMethodAccessorImpl.java:62)
	at sun.reflect.DelegatingMethodAccessorImpl.invoke(DelegatingMethodAccessorImpl.java:43)
	at java.lang.reflect.Method.invoke(Method.java:498)
	at org.gradle.internal.dispatch.ReflectionDispatch.dispatch(ReflectionDispatch.java:35)
	at org.gradle.internal.dispatch.ReflectionDispatch.dispatch(ReflectionDispatch.java:24)
	at org.gradle.internal.dispatch.ContextClassLoaderDispatch.dispatch(ContextClassLoaderDispatch.java:32)
	at org.gradle.internal.dispatch.ProxyDispatchAdapter$DispatchingInvocationHandler.invoke(ProxyDispatchAdapter.java:93)
	at com.sun.proxy.$Proxy2.processTestClass(Unknown Source)
	at org.gradle.api.internal.tasks.testing.worker.TestWorker.processTestClass(TestWorker.java:117)
	at sun.reflect.NativeMethodAccessorImpl.invoke0(Native Method)
	at sun.reflect.NativeMethodAccessorImpl.invoke(NativeMethodAccessorImpl.java:62)
	at sun.reflect.DelegatingMethodAccessorImpl.invoke(DelegatingMethodAccessorImpl.java:43)
	at java.lang.reflect.Method.invoke(Method.java:498)
	at org.gradle.internal.dispatch.ReflectionDispatch.dispatch(ReflectionDispatch.java:35)
	at org.gradle.internal.dispatch.ReflectionDispatch.dispatch(ReflectionDispatch.java:24)
	at org.gradle.internal.remote.internal.hub.MessageHubBackedObjectConnection$DispatchWrapper.dispatch(MessageHubBackedObjectConnection.java:155)
	at org.gradle.internal.remote.internal.hub.MessageHubBackedObjectConnection$DispatchWrapper.dispatch(MessageHubBackedObjectConnection.java:137)
	at org.gradle.internal.remote.internal.hub.MessageHub$Handler.run(MessageHub.java:404)
	at org.gradle.internal.concurrent.ExecutorPolicy$CatchAndRecordFailures.onExecute(ExecutorPolicy.java:63)
	at org.gradle.internal.concurrent.ManagedExecutorImpl$1.run(ManagedExecutorImpl.java:46)
	at java.util.concurrent.ThreadPoolExecutor.runWorker(ThreadPoolExecutor.java:1149)
	at java.util.concurrent.ThreadPoolExecutor$Worker.run(ThreadPoolExecutor.java:624)
	at org.gradle.internal.concurrent.ThreadFactoryImpl$ManagedThreadRunnable.run(ThreadFactoryImpl.java:55)
	at java.lang.Thread.run(Thread.java:748)
Caused by: org.springframework.beans.factory.UnsatisfiedDependencyException: Error creating bean with name 'usuarioServiceImpl': Unsatisfied dependency expressed through constructor parameter 1; nested exception is org.springframework.beans.factory.NoSuchBeanDefinitionException: No qualifying bean of type 'com.myorg.ezdeal.repository.AnuncianteRepository' available: expected at least 1 bean which qualifies as autowire candidate. Dependency annotations: {}
	at org.springframework.beans.factory.support.ConstructorResolver.createArgumentArray(ConstructorResolver.java:769)
	at org.springframework.beans.factory.support.ConstructorResolver.autowireConstructor(ConstructorResolver.java:218)
	at org.springframework.beans.factory.support.AbstractAutowireCapableBeanFactory.autowireConstructor(AbstractAutowireCapableBeanFactory.java:1341)
	at org.springframework.beans.factory.support.AbstractAutowireCapableBeanFactory.createBeanInstance(AbstractAutowireCapableBeanFactory.java:1187)
	at org.springframework.beans.factory.support.AbstractAutowireCapableBeanFactory.doCreateBean(AbstractAutowireCapableBeanFactory.java:555)
	at org.springframework.beans.factory.support.AbstractAutowireCapableBeanFactory.createBean(AbstractAutowireCapableBeanFactory.java:515)
	at org.springframework.beans.factory.support.AbstractBeanFactory.lambda$doGetBean$0(AbstractBeanFactory.java:320)
	at org.springframework.beans.factory.support.DefaultSingletonBeanRegistry.getSingleton(DefaultSingletonBeanRegistry.java:222)
	at org.springframework.beans.factory.support.AbstractBeanFactory.doGetBean(AbstractBeanFactory.java:318)
	at org.springframework.beans.factory.support.AbstractBeanFactory.getBean(AbstractBeanFactory.java:199)
	at org.springframework.beans.factory.support.DefaultListableBeanFactory.preInstantiateSingletons(DefaultListableBeanFactory.java:843)
	at org.springframework.context.support.AbstractApplicationContext.finishBeanFactoryInitialization(AbstractApplicationContext.java:877)
	at org.springframework.context.support.AbstractApplicationContext.refresh(AbstractApplicationContext.java:549)
	at org.springframework.boot.SpringApplication.refresh(SpringApplication.java:775)
	at org.springframework.boot.SpringApplication.refreshContext(SpringApplication.java:397)
	at org.springframework.boot.SpringApplication.run(SpringApplication.java:316)
	at org.springframework.boot.test.context.SpringBootContextLoader.loadContext(SpringBootContextLoader.java:127)
	at org.springframework.test.context.cache.DefaultCacheAwareContextLoaderDelegate.loadContextInternal(DefaultCacheAwareContextLoaderDelegate.java:99)
	at org.springframework.test.context.cache.DefaultCacheAwareContextLoaderDelegate.loadContext(DefaultCacheAwareContextLoaderDelegate.java:117)
	... 49 common frames omitted
Caused by: org.springframework.beans.factory.NoSuchBeanDefinitionException: No qualifying bean of type 'com.myorg.ezdeal.repository.AnuncianteRepository' available: expected at least 1 bean which qualifies as autowire candidate. Dependency annotations: {}
	at org.springframework.beans.factory.support.DefaultListableBeanFactory.raiseNoMatchingBeanFound(DefaultListableBeanFactory.java:1655)
	at org.springframework.beans.factory.support.DefaultListableBeanFactory.doResolveDependency(DefaultListableBeanFactory.java:1214)
	at org.springframework.beans.factory.support.DefaultListableBeanFactory.resolveDependency(DefaultListableBeanFactory.java:1168)
	at org.springframework.beans.factory.support.ConstructorResolver.resolveAutowiredArgument(ConstructorResolver.java:857)
	at org.springframework.beans.factory.support.ConstructorResolver.createArgumentArray(ConstructorResolver.java:760)
	... 67 common frames omitted
[DEBUG] After test class: context [DefaultTestContext@4b6e36e testClass = UsuarioServiceImplTest, testInstance = [null], testMethod = [null], testException = [null], mergedContextConfiguration = [WebMergedContextConfiguration@5136433b testClass = UsuarioServiceImplTest, locations = '{}', classes = '{class com.myorg.ezdeal.service.implementation.UsuarioServiceImpl, class com.myorg.ezdeal.service.implementation.UsuarioServiceImpl}', contextInitializerClasses = '[]', activeProfiles = '{}', propertySourceLocations = '{}', propertySourceProperties = '{org.springframework.boot.test.context.SpringBootTestContextBootstrapper=true}', contextCustomizers = set[org.springframework.boot.test.autoconfigure.properties.PropertyMappingContextCustomizer@0, org.springframework.boot.test.autoconfigure.web.servlet.WebDriverContextCustomizerFactory$Customizer@48e225ba, org.springframework.boot.test.context.filter.ExcludeFilterContextCustomizer@59d299bd, org.springframework.boot.test.json.DuplicateJsonObjectContextCustomizerFactory$DuplicateJsonObjectContextCustomizer@6906e1ef, org.springframework.boot.test.mock.mockito.MockitoContextCustomizer@7e267e3, org.springframework.boot.test.web.client.TestRestTemplateContextCustomizer@7f96e8e], resourceBasePath = 'src/main/webapp', contextLoader = 'org.springframework.boot.test.context.SpringBootContextLoader', parent = [null]], attributes = map['org.springframework.test.context.web.ServletTestExecutionListener.activateListener' -> true]], class annotated with @DirtiesContext [false] with mode [null].
]]></system-out>
  <system-err><![CDATA[]]></system-err>
</testsuite>
